2024-04-20T13:52:34.857599Z 0 [System] [MY-015017] [Server] MySQL Server Initialization - start.
2024-04-20T13:52:34.858896Z 0 [Warning] [MY-011068] [Server] The syntax '--skip-host-cache' is deprecated and will be removed in a future release. Please use SET GLOBAL host_cache_size=0 instead.
2024-04-20T13:52:34.859230Z 0 [System] [MY-013169] [Server] /usr/sbin/mysqld (mysqld 8.1.0) initializing of server in progress as process 80
2024-04-20T13:52:34.880581Z 1 [System] [MY-013576] [InnoDB] InnoDB initialization has started.
2024-04-20T13:52:35.317125Z 1 [System] [MY-013577] [InnoDB] InnoDB initialization has ended.
2024-04-20T13:52:36.942582Z 6 [Warning] [MY-010453] [Server] root@localhost is created with an empty password ! Please consider switching off the --initialize-insecure option.
2024-04-20T13:52:39.805157Z 0 [System] [MY-015018] [Server] MySQL Server Initialization - end.
2024-04-20T13:52:39.931513Z 0 [System] [MY-015015] [Server] MySQL Server - start.
2024-04-20T13:52:40.127656Z 0 [Warning] [MY-011068] [Server] The syntax '--skip-host-cache' is deprecated and will be removed in a future release. Please use SET GLOBAL host_cache_size=0 instead.
2024-04-20T13:52:40.129950Z 0 [System] [MY-010116] [Server] /usr/sbin/mysqld (mysqld 8.1.0) starting as process 124
2024-04-20T13:52:40.157534Z 1 [System] [MY-013576] [InnoDB] InnoDB initialization has started.
2024-04-20T13:52:40.310596Z 1 [System] [MY-013577] [InnoDB] InnoDB initialization has ended.
2024-04-20T13:52:40.595957Z 0 [Warning] [MY-010068] [Server] CA certificate ca.pem is self signed.
2024-04-20T13:52:40.596302Z 0 [System] [MY-013602] [Server] Channel mysql_main configured to support TLS. Encrypted connections are now supported for this channel.
2024-04-20T13:52:40.599143Z 0 [Warning] [MY-011810] [Server] Insecure configuration for --pid-file: Location '/var/run/mysqld' in the path is accessible to all OS users. Consider choosing a different directory.
2024-04-20T13:52:40.617994Z 0 [System] [MY-011323] [Server] X Plugin ready for connections. Socket: /var/run/mysqld/mysqlx.sock
2024-04-20T13:52:40.618130Z 0 [System] [MY-010931] [Server] /usr/sbin/mysqld: ready for connections. Version: '8.1.0'  socket: '/var/run/mysqld/mysqld.sock'  port: 0  MySQL Community Server - GPL.
2024-04-20T13:52:43.400175Z 11 [System] [MY-013172] [Server] Received SHUTDOWN from user root. Shutting down mysqld (Version: 8.1.0).
2024-04-20T13:52:45.241021Z 0 [System] [MY-010910] [Server] /usr/sbin/mysqld: Shutdown complete (mysqld 8.1.0)  MySQL Community Server - GPL.
2024-04-20T13:52:45.243325Z 0 [System] [MY-015016] [Server] MySQL Server - end.
2024-04-20T13:52:45.413453Z 0 [System] [MY-015015] [Server] MySQL Server - start.
2024-04-20T13:52:45.589732Z 0 [Warning] [MY-011068] [Server] The syntax '--skip-host-cache' is deprecated and will be removed in a future release. Please use SET GLOBAL host_cache_size=0 instead.
2024-04-20T13:52:45.590690Z 0 [System] [MY-010116] [Server] /usr/sbin/mysqld (mysqld 8.1.0) starting as process 1
2024-04-20T13:52:45.609345Z 1 [System] [MY-013576] [InnoDB] InnoDB initialization has started.
2024-04-20T13:52:45.715711Z 1 [System] [MY-013577] [InnoDB] InnoDB initialization has ended.
2024-04-20T13:52:45.975856Z 0 [Warning] [MY-010068] [Server] CA certificate ca.pem is self signed.
2024-04-20T13:52:45.976050Z 0 [System] [MY-013602] [Server] Channel mysql_main configured to support TLS. Encrypted connections are now supported for this channel.
2024-04-20T13:52:45.978482Z 0 [Warning] [MY-011810] [Server] Insecure configuration for --pid-file: Location '/var/run/mysqld' in the path is accessible to all OS users. Consider choosing a different directory.
2024-04-20T13:52:45.994264Z 0 [System] [MY-011323] [Server] X Plugin ready for connections. Bind-address: '::' port: 33060, socket: /var/run/mysqld/mysqlx.sock
2024-04-20T13:52:45.994372Z 0 [System] [MY-010931] [Server] /usr/sbin/mysqld: ready for connections. Version: '8.1.0'  socket: '/var/run/mysqld/mysqld.sock'  port: 3306  MySQL Community Server - GPL.
2024-04-20T14:04:28.164012Z 0 [System] [MY-013172] [Server] Received SHUTDOWN from user <via user signal>. Shutting down mysqld (Version: 8.1.0).
2024-04-21T07:14:21.591489Z 0 [System] [MY-015015] [Server] MySQL Server - start.
2024-04-21T07:14:36.190089Z 0 [Warning] [MY-011068] [Server] The syntax '--skip-host-cache' is deprecated and will be removed in a future release. Please use SET GLOBAL host_cache_size=0 instead.
2024-04-21T07:14:36.192450Z 0 [System] [MY-010116] [Server] /usr/sbin/mysqld (mysqld 8.1.0) starting as process 1
2024-04-21T07:14:36.266493Z 1 [System] [MY-013576] [InnoDB] InnoDB initialization has started.
2024-04-21T07:14:37.228215Z 1 [System] [MY-013577] [InnoDB] InnoDB initialization has ended.
2024-04-21T07:14:38.404407Z 0 [System] [MY-010229] [Server] Starting XA crash recovery...
2024-04-21T07:14:38.569078Z 0 [System] [MY-010232] [Server] XA crash recovery finished.
2024-04-21T07:14:38.683707Z 0 [Warning] [MY-010068] [Server] CA certificate ca.pem is self signed.
2024-04-21T07:14:38.684272Z 0 [System] [MY-013602] [Server] Channel mysql_main configured to support TLS. Encrypted connections are now supported for this channel.
2024-04-21T07:14:38.696532Z 0 [Warning] [MY-011810] [Server] Insecure configuration for --pid-file: Location '/var/run/mysqld' in the path is accessible to all OS users. Consider choosing a different directory.
2024-04-21T07:14:38.823912Z 0 [System] [MY-011323] [Server] X Plugin ready for connections. Bind-address: '::' port: 33060, socket: /var/run/mysqld/mysqlx.sock
2024-04-21T07:14:38.824163Z 0 [System] [MY-010931] [Server] /usr/sbin/mysqld: ready for connections. Version: '8.1.0'  socket: '/var/run/mysqld/mysqld.sock'  port: 3306  MySQL Community Server - GPL.
2024-04-21T10:49:39.515264Z 0 [System] [MY-013172] [Server] Received SHUTDOWN from user <via user signal>. Shutting down mysqld (Version: 8.1.0).
2024-04-22T06:18:32.684433Z 0 [System] [MY-015015] [Server] MySQL Server - start.
2024-04-22T06:18:32.912558Z 0 [Warning] [MY-011068] [Server] The syntax '--skip-host-cache' is deprecated and will be removed in a future release. Please use SET GLOBAL host_cache_size=0 instead.
2024-04-22T06:18:32.914375Z 0 [System] [MY-010116] [Server] /usr/sbin/mysqld (mysqld 8.1.0) starting as process 1
2024-04-22T06:18:32.958523Z 1 [System] [MY-013576] [InnoDB] InnoDB initialization has started.
2024-04-22T06:18:33.250330Z 1 [System] [MY-013577] [InnoDB] InnoDB initialization has ended.
2024-04-22T06:18:33.407392Z 0 [System] [MY-010229] [Server] Starting XA crash recovery...
2024-04-22T06:18:33.411538Z 0 [System] [MY-010232] [Server] XA crash recovery finished.
2024-04-22T06:18:33.522196Z 0 [Warning] [MY-010068] [Server] CA certificate ca.pem is self signed.
2024-04-22T06:18:33.522541Z 0 [System] [MY-013602] [Server] Channel mysql_main configured to support TLS. Encrypted connections are now supported for this channel.
2024-04-22T06:18:33.526876Z 0 [Warning] [MY-011810] [Server] Insecure configuration for --pid-file: Location '/var/run/mysqld' in the path is accessible to all OS users. Consider choosing a different directory.
2024-04-22T06:18:33.556031Z 0 [System] [MY-011323] [Server] X Plugin ready for connections. Bind-address: '::' port: 33060, socket: /var/run/mysqld/mysqlx.sock
2024-04-22T06:18:33.556437Z 0 [System] [MY-010931] [Server] /usr/sbin/mysqld: ready for connections. Version: '8.1.0'  socket: '/var/run/mysqld/mysqld.sock'  port: 3306  MySQL Community Server - GPL.
2024-04-24T16:03:33.777366Z 0 [System] [MY-015015] [Server] MySQL Server - start.
2024-04-24T16:03:34.007758Z 0 [Warning] [MY-011068] [Server] The syntax '--skip-host-cache' is deprecated and will be removed in a future release. Please use SET GLOBAL host_cache_size=0 instead.
2024-04-24T16:03:34.010256Z 0 [System] [MY-010116] [Server] /usr/sbin/mysqld (mysqld 8.1.0) starting as process 1
2024-04-24T16:03:34.055524Z 1 [System] [MY-013576] [InnoDB] InnoDB initialization has started.
2024-04-24T16:03:34.370621Z 1 [System] [MY-013577] [InnoDB] InnoDB initialization has ended.
2024-04-24T16:03:34.589809Z 0 [System] [MY-010229] [Server] Starting XA crash recovery...
2024-04-24T16:03:34.598936Z 0 [System] [MY-010232] [Server] XA crash recovery finished.
2024-04-24T16:03:34.723433Z 0 [Warning] [MY-010068] [Server] CA certificate ca.pem is self signed.
2024-04-24T16:03:34.723789Z 0 [System] [MY-013602] [Server] Channel mysql_main configured to support TLS. Encrypted connections are now supported for this channel.
2024-04-24T16:03:34.730730Z 0 [Warning] [MY-011810] [Server] Insecure configuration for --pid-file: Location '/var/run/mysqld' in the path is accessible to all OS users. Consider choosing a different directory.
2024-04-24T16:03:34.770539Z 0 [System] [MY-011323] [Server] X Plugin ready for connections. Bind-address: '::' port: 33060, socket: /var/run/mysqld/mysqlx.sock
2024-04-24T16:03:34.770695Z 0 [System] [MY-010931] [Server] /usr/sbin/mysqld: ready for connections. Version: '8.1.0'  socket: '/var/run/mysqld/mysqld.sock'  port: 3306  MySQL Community Server - GPL.
2024-04-30T13:00:13.266357Z 0 [System] [MY-015017] [Server] MySQL Server Initialization - start.
2024-04-30T13:00:13.268186Z 0 [Warning] [MY-011068] [Server] The syntax '--skip-host-cache' is deprecated and will be removed in a future release. Please use SET GLOBAL host_cache_size=0 instead.
2024-04-30T13:00:13.268313Z 0 [System] [MY-013169] [Server] /usr/sbin/mysqld (mysqld 8.1.0) initializing of server in progress as process 80
2024-04-30T13:00:13.517903Z 1 [System] [MY-013576] [InnoDB] InnoDB initialization has started.
2024-04-30T13:00:19.249910Z 1 [System] [MY-013577] [InnoDB] InnoDB initialization has ended.
2024-04-30T13:00:26.878920Z 0 [System] [MY-010229] [Server] Starting XA crash recovery...
2024-04-30T13:00:26.975962Z 0 [System] [MY-010232] [Server] XA crash recovery finished.
2024-04-30T13:00:27.126513Z 0 [Warning] [MY-010015] [Repl] Gtid table is not ready to be used. Table 'mysql.gtid_executed' cannot be opened.
2024-04-30T13:00:27.570125Z 6 [Warning] [MY-010453] [Server] root@localhost is created with an empty password ! Please consider switching off the --initialize-insecure option.
2024-04-30T13:00:41.783065Z 0 [System] [MY-015018] [Server] MySQL Server Initialization - end.
2024-04-30T13:00:42.068910Z 0 [System] [MY-015015] [Server] MySQL Server - start.
2024-04-30T13:00:42.511470Z 0 [Warning] [MY-011068] [Server] The syntax '--skip-host-cache' is deprecated and will be removed in a future release. Please use SET GLOBAL host_cache_size=0 instead.
2024-04-30T13:00:42.512548Z 0 [System] [MY-010116] [Server] /usr/sbin/mysqld (mysqld 8.1.0) starting as process 124
2024-04-30T13:00:42.638969Z 1 [System] [MY-013576] [InnoDB] InnoDB initialization has started.
2024-04-30T13:00:43.439622Z 1 [System] [MY-013577] [InnoDB] InnoDB initialization has ended.
2024-04-30T13:00:44.324914Z 0 [Warning] [MY-010068] [Server] CA certificate ca.pem is self signed.
2024-04-30T13:00:44.326155Z 0 [System] [MY-013602] [Server] Channel mysql_main configured to support TLS. Encrypted connections are now supported for this channel.
2024-04-30T13:00:44.346978Z 0 [Warning] [MY-011810] [Server] Insecure configuration for --pid-file: Location '/var/run/mysqld' in the path is accessible to all OS users. Consider choosing a different directory.
2024-04-30T13:00:44.406899Z 0 [System] [MY-011323] [Server] X Plugin ready for connections. Socket: /var/run/mysqld/mysqlx.sock
2024-04-30T13:00:44.407196Z 0 [System] [MY-010931] [Server] /usr/sbin/mysqld: ready for connections. Version: '8.1.0'  socket: '/var/run/mysqld/mysqld.sock'  port: 0  MySQL Community Server - GPL.
2024-04-30T13:00:51.724253Z 11 [System] [MY-013172] [Server] Received SHUTDOWN from user root. Shutting down mysqld (Version: 8.1.0).
2024-04-30T13:00:53.236074Z 0 [System] [MY-010910] [Server] /usr/sbin/mysqld: Shutdown complete (mysqld 8.1.0)  MySQL Community Server - GPL.
2024-04-30T13:00:53.238409Z 0 [System] [MY-015016] [Server] MySQL Server - end.
2024-04-30T13:00:53.739702Z 0 [System] [MY-015015] [Server] MySQL Server - start.
2024-04-30T13:00:53.941760Z 0 [Warning] [MY-011068] [Server] The syntax '--skip-host-cache' is deprecated and will be removed in a future release. Please use SET GLOBAL host_cache_size=0 instead.
2024-04-30T13:00:53.943338Z 0 [System] [MY-010116] [Server] /usr/sbin/mysqld (mysqld 8.1.0) starting as process 1
2024-04-30T13:00:53.975882Z 1 [System] [MY-013576] [InnoDB] InnoDB initialization has started.
2024-04-30T13:00:54.099117Z 1 [System] [MY-013577] [InnoDB] InnoDB initialization has ended.
2024-04-30T13:00:54.390341Z 0 [Warning] [MY-010068] [Server] CA certificate ca.pem is self signed.
2024-04-30T13:00:54.390596Z 0 [System] [MY-013602] [Server] Channel mysql_main configured to support TLS. Encrypted connections are now supported for this channel.
2024-04-30T13:00:54.393449Z 0 [Warning] [MY-011810] [Server] Insecure configuration for --pid-file: Location '/var/run/mysqld' in the path is accessible to all OS users. Consider choosing a different directory.
2024-04-30T13:00:54.417062Z 0 [System] [MY-011323] [Server] X Plugin ready for connections. Bind-address: '::' port: 33060, socket: /var/run/mysqld/mysqlx.sock
2024-04-30T13:00:54.417267Z 0 [System] [MY-010931] [Server] /usr/sbin/mysqld: ready for connections. Version: '8.1.0'  socket: '/var/run/mysqld/mysqld.sock'  port: 3306  MySQL Community Server - GPL.
2024-04-30T13:01:02.728341Z 0 [System] [MY-013172] [Server] Received SHUTDOWN from user <via user signal>. Shutting down mysqld (Version: 8.1.0).
2024-04-30T13:01:03.773234Z 0 [System] [MY-010910] [Server] /usr/sbin/mysqld: Shutdown complete (mysqld 8.1.0)  MySQL Community Server - GPL.
2024-04-30T13:01:03.774505Z 0 [System] [MY-015016] [Server] MySQL Server - end.
