/usr/sbin/mysqld, Version: 8.1.0 (MySQL Community Server - GPL). started with:
Tcp port: 3306  Unix socket: /var/run/mysqld/mysqld.sock
Time                 Id Command    Argument
2024-04-21T10:36:00.781192Z	  180 Connect	root@172.20.0.1 on chat using SSL/TLS
2024-04-21T10:36:00.787428Z	  180 Query	/* mysql-connector-j-8.3.0 (Revision: 805f872a57875f311cb82487efcfb070411a3fa0) */SELECT  @@session.auto_increment_increment AS auto_increment_increment, @@character_set_client AS character_set_client, @@character_set_connection AS character_set_connection, @@character_set_results AS character_set_results, @@character_set_server AS character_set_server, @@collation_server AS collation_server, @@collation_connection AS collation_connection, @@init_connect AS init_connect, @@interactive_timeout AS interactive_timeout, @@license AS license, @@lower_case_table_names AS lower_case_table_names, @@max_allowed_packet AS max_allowed_packet, @@net_write_timeout AS net_write_timeout, @@performance_schema AS performance_schema, @@sql_mode AS sql_mode, @@system_time_zone AS system_time_zone, @@time_zone AS time_zone, @@transaction_isolation AS transaction_isolation, @@wait_timeout AS wait_timeout
2024-04-21T10:36:00.804203Z	  180 Query	SET character_set_results = NULL
2024-04-21T10:36:00.806185Z	  180 Query	SET autocommit=1
2024-04-21T10:36:00.812027Z	  180 Query	SELECT @@session.transaction_read_only
2024-04-21T10:36:00.815510Z	  180 Query	SELECT @@session.transaction_isolation
2024-04-21T10:36:00.825833Z	  180 Query	SELECT @@session.transaction_isolation
2024-04-21T10:36:00.849678Z	  180 Query	SELECT @@session.transaction_read_only
2024-04-21T10:36:00.853170Z	  180 Query	CREATE TABLE IF NOT EXISTS users ( user_id BIGINT AUTO_INCREMENT PRIMARY KEY, email VARCHAR(50) NOT NULL UNIQUE, password VARCHAR(100) NOT NULL, nickname CHAR(10) NOT NULL UNIQUE, created_at TIMESTAMP DEFAULT NOW(), INDEX email_idx (email) )
2024-04-21T10:36:00.856798Z	  180 Query	SELECT @@session.transaction_read_only
2024-04-21T10:36:00.860886Z	  180 Query	CREATE TABLE IF NOT EXISTS user_role ( id BIGINT AUTO_INCREMENT PRIMARY KEY, user_id BIGINT NOT NULL, role ENUM('ROLE_ADMIN', 'ROLE_USER'), INDEX user_role_idx (user_id), FOREIGN KEY (user_id) REFERENCES users(user_id) ON DELETE CASCADE )
2024-04-21T10:36:00.864858Z	  180 Query	SELECT @@session.transaction_read_only
2024-04-21T10:36:00.866763Z	  180 Query	CREATE TABLE IF NOT EXISTS channels ( channel_id BIGINT PRIMARY KEY, created_at TIMESTAMP DEFAULT NOW(), master_id BIGINT NOT NULL, title VARCHAR(30) NOT NULL, total_count INT DEFAULT 0 )
2024-04-21T10:36:00.869782Z	  180 Query	SELECT @@session.transaction_read_only
2024-04-21T10:36:00.871653Z	  180 Query	CREATE TABLE IF NOT EXISTS entries ( channel_id BIGINT, user_id BIGINT, joined_at TIMESTAMP DEFAULT NOW(), PRIMARY KEY (channel_id, user_id), INDEX user_id_idx (user_id), FOREIGN KEY (channel_id) REFERENCES channels(channel_id) ON DELETE CASCADE, FOREIGN KEY (user_id) REFERENCES users(user_id) ON DELETE CASCADE )
2024-04-21T10:36:00.953754Z	  181 Connect	root@172.20.0.1 on chat using SSL/TLS
2024-04-21T10:36:00.956321Z	  181 Query	/* mysql-connector-j-8.3.0 (Revision: 805f872a57875f311cb82487efcfb070411a3fa0) */SELECT  @@session.auto_increment_increment AS auto_increment_increment, @@character_set_client AS character_set_client, @@character_set_connection AS character_set_connection, @@character_set_results AS character_set_results, @@character_set_server AS character_set_server, @@collation_server AS collation_server, @@collation_connection AS collation_connection, @@init_connect AS init_connect, @@interactive_timeout AS interactive_timeout, @@license AS license, @@lower_case_table_names AS lower_case_table_names, @@max_allowed_packet AS max_allowed_packet, @@net_write_timeout AS net_write_timeout, @@performance_schema AS performance_schema, @@sql_mode AS sql_mode, @@system_time_zone AS system_time_zone, @@time_zone AS time_zone, @@transaction_isolation AS transaction_isolation, @@wait_timeout AS wait_timeout
2024-04-21T10:36:00.959325Z	  181 Query	SET character_set_results = NULL
2024-04-21T10:36:00.961263Z	  181 Query	SET autocommit=1
2024-04-21T10:36:00.963043Z	  181 Query	SELECT @@session.transaction_read_only
2024-04-21T10:36:01.004930Z	  182 Connect	root@172.20.0.1 on chat using SSL/TLS
2024-04-21T10:36:01.007920Z	  182 Query	/* mysql-connector-j-8.3.0 (Revision: 805f872a57875f311cb82487efcfb070411a3fa0) */SELECT  @@session.auto_increment_increment AS auto_increment_increment, @@character_set_client AS character_set_client, @@character_set_connection AS character_set_connection, @@character_set_results AS character_set_results, @@character_set_server AS character_set_server, @@collation_server AS collation_server, @@collation_connection AS collation_connection, @@init_connect AS init_connect, @@interactive_timeout AS interactive_timeout, @@license AS license, @@lower_case_table_names AS lower_case_table_names, @@max_allowed_packet AS max_allowed_packet, @@net_write_timeout AS net_write_timeout, @@performance_schema AS performance_schema, @@sql_mode AS sql_mode, @@system_time_zone AS system_time_zone, @@time_zone AS time_zone, @@transaction_isolation AS transaction_isolation, @@wait_timeout AS wait_timeout
2024-04-21T10:36:01.010998Z	  182 Query	SET character_set_results = NULL
2024-04-21T10:36:01.013340Z	  182 Query	SET autocommit=1
2024-04-21T10:36:01.015623Z	  182 Query	SELECT @@session.transaction_read_only
2024-04-21T10:36:01.054039Z	  183 Connect	root@172.20.0.1 on chat using SSL/TLS
2024-04-21T10:36:01.056345Z	  183 Query	/* mysql-connector-j-8.3.0 (Revision: 805f872a57875f311cb82487efcfb070411a3fa0) */SELECT  @@session.auto_increment_increment AS auto_increment_increment, @@character_set_client AS character_set_client, @@character_set_connection AS character_set_connection, @@character_set_results AS character_set_results, @@character_set_server AS character_set_server, @@collation_server AS collation_server, @@collation_connection AS collation_connection, @@init_connect AS init_connect, @@interactive_timeout AS interactive_timeout, @@license AS license, @@lower_case_table_names AS lower_case_table_names, @@max_allowed_packet AS max_allowed_packet, @@net_write_timeout AS net_write_timeout, @@performance_schema AS performance_schema, @@sql_mode AS sql_mode, @@system_time_zone AS system_time_zone, @@time_zone AS time_zone, @@transaction_isolation AS transaction_isolation, @@wait_timeout AS wait_timeout
2024-04-21T10:36:01.059477Z	  183 Query	SET character_set_results = NULL
2024-04-21T10:36:01.061587Z	  183 Query	SET autocommit=1
2024-04-21T10:36:01.063525Z	  183 Query	SELECT @@session.transaction_read_only
2024-04-21T10:36:01.117913Z	  184 Connect	root@172.20.0.1 on chat using SSL/TLS
2024-04-21T10:36:01.121593Z	  184 Query	/* mysql-connector-j-8.3.0 (Revision: 805f872a57875f311cb82487efcfb070411a3fa0) */SELECT  @@session.auto_increment_increment AS auto_increment_increment, @@character_set_client AS character_set_client, @@character_set_connection AS character_set_connection, @@character_set_results AS character_set_results, @@character_set_server AS character_set_server, @@collation_server AS collation_server, @@collation_connection AS collation_connection, @@init_connect AS init_connect, @@interactive_timeout AS interactive_timeout, @@license AS license, @@lower_case_table_names AS lower_case_table_names, @@max_allowed_packet AS max_allowed_packet, @@net_write_timeout AS net_write_timeout, @@performance_schema AS performance_schema, @@sql_mode AS sql_mode, @@system_time_zone AS system_time_zone, @@time_zone AS time_zone, @@transaction_isolation AS transaction_isolation, @@wait_timeout AS wait_timeout
2024-04-21T10:36:01.124174Z	  184 Query	SET character_set_results = NULL
2024-04-21T10:36:01.126287Z	  184 Query	SET autocommit=1
2024-04-21T10:36:01.128883Z	  184 Query	SELECT @@session.transaction_read_only
2024-04-21T10:36:01.169095Z	  185 Connect	root@172.20.0.1 on chat using SSL/TLS
2024-04-21T10:36:01.171121Z	  185 Query	/* mysql-connector-j-8.3.0 (Revision: 805f872a57875f311cb82487efcfb070411a3fa0) */SELECT  @@session.auto_increment_increment AS auto_increment_increment, @@character_set_client AS character_set_client, @@character_set_connection AS character_set_connection, @@character_set_results AS character_set_results, @@character_set_server AS character_set_server, @@collation_server AS collation_server, @@collation_connection AS collation_connection, @@init_connect AS init_connect, @@interactive_timeout AS interactive_timeout, @@license AS license, @@lower_case_table_names AS lower_case_table_names, @@max_allowed_packet AS max_allowed_packet, @@net_write_timeout AS net_write_timeout, @@performance_schema AS performance_schema, @@sql_mode AS sql_mode, @@system_time_zone AS system_time_zone, @@time_zone AS time_zone, @@transaction_isolation AS transaction_isolation, @@wait_timeout AS wait_timeout
2024-04-21T10:36:01.174079Z	  185 Query	SET character_set_results = NULL
2024-04-21T10:36:01.176228Z	  185 Query	SET autocommit=1
2024-04-21T10:36:01.178349Z	  185 Query	SELECT @@session.transaction_read_only
2024-04-21T10:36:01.247097Z	  186 Connect	root@172.20.0.1 on chat using SSL/TLS
2024-04-21T10:36:01.255298Z	  186 Query	/* mysql-connector-j-8.3.0 (Revision: 805f872a57875f311cb82487efcfb070411a3fa0) */SELECT  @@session.auto_increment_increment AS auto_increment_increment, @@character_set_client AS character_set_client, @@character_set_connection AS character_set_connection, @@character_set_results AS character_set_results, @@character_set_server AS character_set_server, @@collation_server AS collation_server, @@collation_connection AS collation_connection, @@init_connect AS init_connect, @@interactive_timeout AS interactive_timeout, @@license AS license, @@lower_case_table_names AS lower_case_table_names, @@max_allowed_packet AS max_allowed_packet, @@net_write_timeout AS net_write_timeout, @@performance_schema AS performance_schema, @@sql_mode AS sql_mode, @@system_time_zone AS system_time_zone, @@time_zone AS time_zone, @@transaction_isolation AS transaction_isolation, @@wait_timeout AS wait_timeout
2024-04-21T10:36:01.262568Z	  186 Query	SET character_set_results = NULL
2024-04-21T10:36:01.265615Z	  186 Query	SET autocommit=1
2024-04-21T10:36:01.267781Z	  186 Query	SELECT @@session.transaction_read_only
2024-04-21T10:36:01.323431Z	  187 Connect	root@172.20.0.1 on chat using SSL/TLS
2024-04-21T10:36:01.330321Z	  187 Query	/* mysql-connector-j-8.3.0 (Revision: 805f872a57875f311cb82487efcfb070411a3fa0) */SELECT  @@session.auto_increment_increment AS auto_increment_increment, @@character_set_client AS character_set_client, @@character_set_connection AS character_set_connection, @@character_set_results AS character_set_results, @@character_set_server AS character_set_server, @@collation_server AS collation_server, @@collation_connection AS collation_connection, @@init_connect AS init_connect, @@interactive_timeout AS interactive_timeout, @@license AS license, @@lower_case_table_names AS lower_case_table_names, @@max_allowed_packet AS max_allowed_packet, @@net_write_timeout AS net_write_timeout, @@performance_schema AS performance_schema, @@sql_mode AS sql_mode, @@system_time_zone AS system_time_zone, @@time_zone AS time_zone, @@transaction_isolation AS transaction_isolation, @@wait_timeout AS wait_timeout
2024-04-21T10:36:01.332811Z	  187 Query	SET character_set_results = NULL
2024-04-21T10:36:01.335282Z	  187 Query	SET autocommit=1
2024-04-21T10:36:01.337503Z	  187 Query	SELECT @@session.transaction_read_only
2024-04-21T10:36:01.380467Z	  188 Connect	root@172.20.0.1 on chat using SSL/TLS
2024-04-21T10:36:01.382963Z	  188 Query	/* mysql-connector-j-8.3.0 (Revision: 805f872a57875f311cb82487efcfb070411a3fa0) */SELECT  @@session.auto_increment_increment AS auto_increment_increment, @@character_set_client AS character_set_client, @@character_set_connection AS character_set_connection, @@character_set_results AS character_set_results, @@character_set_server AS character_set_server, @@collation_server AS collation_server, @@collation_connection AS collation_connection, @@init_connect AS init_connect, @@interactive_timeout AS interactive_timeout, @@license AS license, @@lower_case_table_names AS lower_case_table_names, @@max_allowed_packet AS max_allowed_packet, @@net_write_timeout AS net_write_timeout, @@performance_schema AS performance_schema, @@sql_mode AS sql_mode, @@system_time_zone AS system_time_zone, @@time_zone AS time_zone, @@transaction_isolation AS transaction_isolation, @@wait_timeout AS wait_timeout
2024-04-21T10:36:01.385496Z	  188 Query	SET character_set_results = NULL
2024-04-21T10:36:01.387383Z	  188 Query	SET autocommit=1
2024-04-21T10:36:01.389610Z	  188 Query	SELECT @@session.transaction_read_only
2024-04-21T10:36:01.425613Z	  189 Connect	root@172.20.0.1 on chat using SSL/TLS
2024-04-21T10:36:01.429298Z	  189 Query	/* mysql-connector-j-8.3.0 (Revision: 805f872a57875f311cb82487efcfb070411a3fa0) */SELECT  @@session.auto_increment_increment AS auto_increment_increment, @@character_set_client AS character_set_client, @@character_set_connection AS character_set_connection, @@character_set_results AS character_set_results, @@character_set_server AS character_set_server, @@collation_server AS collation_server, @@collation_connection AS collation_connection, @@init_connect AS init_connect, @@interactive_timeout AS interactive_timeout, @@license AS license, @@lower_case_table_names AS lower_case_table_names, @@max_allowed_packet AS max_allowed_packet, @@net_write_timeout AS net_write_timeout, @@performance_schema AS performance_schema, @@sql_mode AS sql_mode, @@system_time_zone AS system_time_zone, @@time_zone AS time_zone, @@transaction_isolation AS transaction_isolation, @@wait_timeout AS wait_timeout
2024-04-21T10:36:01.431630Z	  189 Query	SET character_set_results = NULL
2024-04-21T10:36:01.433434Z	  189 Query	SET autocommit=1
2024-04-21T10:36:01.435276Z	  189 Query	SELECT @@session.transaction_read_only
2024-04-21T10:36:01.809852Z	  180 Query	SELECT WORD FROM INFORMATION_SCHEMA.KEYWORDS WHERE RESERVED=1 ORDER BY WORD
2024-04-21T10:36:15.155704Z	  180 Query	SET autocommit=0
2024-04-21T10:36:15.165946Z	  180 Query	insert into users (email,nickname,password) values ('abbed@gmail.com','leksf1','$2a$10$Xud9rP7tqEF07JspIOs/NOZX2Qa0naFa.5Iu801kSHHEybYEZELnC')
2024-04-21T10:36:15.182648Z	  180 Query	insert into user_role (role,user_id) values ('ROLE_USER',4)
2024-04-21T10:36:15.201003Z	  180 Query	commit
2024-04-21T10:36:15.205423Z	  180 Query	SET autocommit=1
2024-04-21T10:38:31.779815Z	  180 Query	select distinct u1_0.user_id,u1_0.created_at,u1_0.email,u1_0.nickname,u1_0.password,ur1_0.user_id,ur1_0.id,ur1_0.role from users u1_0 join user_role ur1_0 on u1_0.user_id=ur1_0.user_id where u1_0.email='abcd@gmail.com'
2024-04-21T10:41:03.260948Z	  190 Connect	root@172.20.0.1 on chat using SSL/TLS
2024-04-21T10:41:03.266866Z	  190 Query	/* mysql-connector-j-8.3.0 (Revision: 805f872a57875f311cb82487efcfb070411a3fa0) */SELECT  @@session.auto_increment_increment AS auto_increment_increment, @@character_set_client AS character_set_client, @@character_set_connection AS character_set_connection, @@character_set_results AS character_set_results, @@character_set_server AS character_set_server, @@collation_server AS collation_server, @@collation_connection AS collation_connection, @@init_connect AS init_connect, @@interactive_timeout AS interactive_timeout, @@license AS license, @@lower_case_table_names AS lower_case_table_names, @@max_allowed_packet AS max_allowed_packet, @@net_write_timeout AS net_write_timeout, @@performance_schema AS performance_schema, @@sql_mode AS sql_mode, @@system_time_zone AS system_time_zone, @@time_zone AS time_zone, @@transaction_isolation AS transaction_isolation, @@wait_timeout AS wait_timeout
2024-04-21T10:41:03.280542Z	  190 Query	SET character_set_results = NULL
2024-04-21T10:41:03.282197Z	  190 Query	SET autocommit=1
2024-04-21T10:41:03.287702Z	  190 Query	SELECT @@session.transaction_read_only
2024-04-21T10:41:03.290475Z	  190 Query	SELECT @@session.transaction_isolation
2024-04-21T10:41:03.302025Z	  190 Query	SELECT @@session.transaction_isolation
2024-04-21T10:41:03.324351Z	  190 Query	SELECT @@session.transaction_read_only
2024-04-21T10:41:03.327419Z	  190 Query	CREATE TABLE IF NOT EXISTS users ( user_id BIGINT AUTO_INCREMENT PRIMARY KEY, email VARCHAR(50) NOT NULL UNIQUE, password VARCHAR(100) NOT NULL, nickname CHAR(10) NOT NULL UNIQUE, created_at TIMESTAMP DEFAULT NOW(), INDEX email_idx (email) )
2024-04-21T10:41:03.331902Z	  190 Query	SELECT @@session.transaction_read_only
2024-04-21T10:41:03.333777Z	  190 Query	CREATE TABLE IF NOT EXISTS user_role ( id BIGINT AUTO_INCREMENT PRIMARY KEY, user_id BIGINT NOT NULL, role ENUM('ROLE_ADMIN', 'ROLE_USER'), INDEX user_role_idx (user_id), FOREIGN KEY (user_id) REFERENCES users(user_id) ON DELETE CASCADE )
2024-04-21T10:41:03.337006Z	  190 Query	SELECT @@session.transaction_read_only
2024-04-21T10:41:03.338815Z	  190 Query	CREATE TABLE IF NOT EXISTS channels ( channel_id BIGINT PRIMARY KEY, created_at TIMESTAMP DEFAULT NOW(), master_id BIGINT NOT NULL, title VARCHAR(30) NOT NULL, total_count INT DEFAULT 0 )
2024-04-21T10:41:03.341887Z	  190 Query	SELECT @@session.transaction_read_only
2024-04-21T10:41:03.343890Z	  190 Query	CREATE TABLE IF NOT EXISTS entries ( channel_id BIGINT, user_id BIGINT, joined_at TIMESTAMP DEFAULT NOW(), PRIMARY KEY (channel_id, user_id), INDEX user_id_idx (user_id), FOREIGN KEY (channel_id) REFERENCES channels(channel_id) ON DELETE CASCADE, FOREIGN KEY (user_id) REFERENCES users(user_id) ON DELETE CASCADE )
2024-04-21T10:41:03.429134Z	  191 Connect	root@172.20.0.1 on chat using SSL/TLS
2024-04-21T10:41:03.430985Z	  191 Query	/* mysql-connector-j-8.3.0 (Revision: 805f872a57875f311cb82487efcfb070411a3fa0) */SELECT  @@session.auto_increment_increment AS auto_increment_increment, @@character_set_client AS character_set_client, @@character_set_connection AS character_set_connection, @@character_set_results AS character_set_results, @@character_set_server AS character_set_server, @@collation_server AS collation_server, @@collation_connection AS collation_connection, @@init_connect AS init_connect, @@interactive_timeout AS interactive_timeout, @@license AS license, @@lower_case_table_names AS lower_case_table_names, @@max_allowed_packet AS max_allowed_packet, @@net_write_timeout AS net_write_timeout, @@performance_schema AS performance_schema, @@sql_mode AS sql_mode, @@system_time_zone AS system_time_zone, @@time_zone AS time_zone, @@transaction_isolation AS transaction_isolation, @@wait_timeout AS wait_timeout
2024-04-21T10:41:03.433149Z	  191 Query	SET character_set_results = NULL
2024-04-21T10:41:03.435588Z	  191 Query	SET autocommit=1
2024-04-21T10:41:03.437729Z	  191 Query	SELECT @@session.transaction_read_only
2024-04-21T10:41:03.478333Z	  192 Connect	root@172.20.0.1 on chat using SSL/TLS
2024-04-21T10:41:03.481104Z	  192 Query	/* mysql-connector-j-8.3.0 (Revision: 805f872a57875f311cb82487efcfb070411a3fa0) */SELECT  @@session.auto_increment_increment AS auto_increment_increment, @@character_set_client AS character_set_client, @@character_set_connection AS character_set_connection, @@character_set_results AS character_set_results, @@character_set_server AS character_set_server, @@collation_server AS collation_server, @@collation_connection AS collation_connection, @@init_connect AS init_connect, @@interactive_timeout AS interactive_timeout, @@license AS license, @@lower_case_table_names AS lower_case_table_names, @@max_allowed_packet AS max_allowed_packet, @@net_write_timeout AS net_write_timeout, @@performance_schema AS performance_schema, @@sql_mode AS sql_mode, @@system_time_zone AS system_time_zone, @@time_zone AS time_zone, @@transaction_isolation AS transaction_isolation, @@wait_timeout AS wait_timeout
2024-04-21T10:41:03.483808Z	  192 Query	SET character_set_results = NULL
2024-04-21T10:41:03.486979Z	  192 Query	SET autocommit=1
2024-04-21T10:41:03.489125Z	  192 Query	SELECT @@session.transaction_read_only
2024-04-21T10:41:03.534375Z	  193 Connect	root@172.20.0.1 on chat using SSL/TLS
2024-04-21T10:41:03.536679Z	  193 Query	/* mysql-connector-j-8.3.0 (Revision: 805f872a57875f311cb82487efcfb070411a3fa0) */SELECT  @@session.auto_increment_increment AS auto_increment_increment, @@character_set_client AS character_set_client, @@character_set_connection AS character_set_connection, @@character_set_results AS character_set_results, @@character_set_server AS character_set_server, @@collation_server AS collation_server, @@collation_connection AS collation_connection, @@init_connect AS init_connect, @@interactive_timeout AS interactive_timeout, @@license AS license, @@lower_case_table_names AS lower_case_table_names, @@max_allowed_packet AS max_allowed_packet, @@net_write_timeout AS net_write_timeout, @@performance_schema AS performance_schema, @@sql_mode AS sql_mode, @@system_time_zone AS system_time_zone, @@time_zone AS time_zone, @@transaction_isolation AS transaction_isolation, @@wait_timeout AS wait_timeout
2024-04-21T10:41:03.539210Z	  193 Query	SET character_set_results = NULL
2024-04-21T10:41:03.541134Z	  193 Query	SET autocommit=1
2024-04-21T10:41:03.543060Z	  193 Query	SELECT @@session.transaction_read_only
2024-04-21T10:41:03.582965Z	  194 Connect	root@172.20.0.1 on chat using SSL/TLS
2024-04-21T10:41:03.586618Z	  194 Query	/* mysql-connector-j-8.3.0 (Revision: 805f872a57875f311cb82487efcfb070411a3fa0) */SELECT  @@session.auto_increment_increment AS auto_increment_increment, @@character_set_client AS character_set_client, @@character_set_connection AS character_set_connection, @@character_set_results AS character_set_results, @@character_set_server AS character_set_server, @@collation_server AS collation_server, @@collation_connection AS collation_connection, @@init_connect AS init_connect, @@interactive_timeout AS interactive_timeout, @@license AS license, @@lower_case_table_names AS lower_case_table_names, @@max_allowed_packet AS max_allowed_packet, @@net_write_timeout AS net_write_timeout, @@performance_schema AS performance_schema, @@sql_mode AS sql_mode, @@system_time_zone AS system_time_zone, @@time_zone AS time_zone, @@transaction_isolation AS transaction_isolation, @@wait_timeout AS wait_timeout
2024-04-21T10:41:03.590147Z	  194 Query	SET character_set_results = NULL
2024-04-21T10:41:03.592162Z	  194 Query	SET autocommit=1
2024-04-21T10:41:03.594423Z	  194 Query	SELECT @@session.transaction_read_only
2024-04-21T10:41:03.640172Z	  195 Connect	root@172.20.0.1 on chat using SSL/TLS
2024-04-21T10:41:03.642361Z	  195 Query	/* mysql-connector-j-8.3.0 (Revision: 805f872a57875f311cb82487efcfb070411a3fa0) */SELECT  @@session.auto_increment_increment AS auto_increment_increment, @@character_set_client AS character_set_client, @@character_set_connection AS character_set_connection, @@character_set_results AS character_set_results, @@character_set_server AS character_set_server, @@collation_server AS collation_server, @@collation_connection AS collation_connection, @@init_connect AS init_connect, @@interactive_timeout AS interactive_timeout, @@license AS license, @@lower_case_table_names AS lower_case_table_names, @@max_allowed_packet AS max_allowed_packet, @@net_write_timeout AS net_write_timeout, @@performance_schema AS performance_schema, @@sql_mode AS sql_mode, @@system_time_zone AS system_time_zone, @@time_zone AS time_zone, @@transaction_isolation AS transaction_isolation, @@wait_timeout AS wait_timeout
2024-04-21T10:41:03.644788Z	  195 Query	SET character_set_results = NULL
2024-04-21T10:41:03.646838Z	  195 Query	SET autocommit=1
2024-04-21T10:41:03.649016Z	  195 Query	SELECT @@session.transaction_read_only
2024-04-21T10:41:03.686837Z	  196 Connect	root@172.20.0.1 on chat using SSL/TLS
2024-04-21T10:41:03.689350Z	  196 Query	/* mysql-connector-j-8.3.0 (Revision: 805f872a57875f311cb82487efcfb070411a3fa0) */SELECT  @@session.auto_increment_increment AS auto_increment_increment, @@character_set_client AS character_set_client, @@character_set_connection AS character_set_connection, @@character_set_results AS character_set_results, @@character_set_server AS character_set_server, @@collation_server AS collation_server, @@collation_connection AS collation_connection, @@init_connect AS init_connect, @@interactive_timeout AS interactive_timeout, @@license AS license, @@lower_case_table_names AS lower_case_table_names, @@max_allowed_packet AS max_allowed_packet, @@net_write_timeout AS net_write_timeout, @@performance_schema AS performance_schema, @@sql_mode AS sql_mode, @@system_time_zone AS system_time_zone, @@time_zone AS time_zone, @@transaction_isolation AS transaction_isolation, @@wait_timeout AS wait_timeout
2024-04-21T10:41:03.691520Z	  196 Query	SET character_set_results = NULL
2024-04-21T10:41:03.693183Z	  196 Query	SET autocommit=1
2024-04-21T10:41:03.695076Z	  196 Query	SELECT @@session.transaction_read_only
2024-04-21T10:41:03.726539Z	  197 Connect	root@172.20.0.1 on chat using SSL/TLS
2024-04-21T10:41:03.728570Z	  197 Query	/* mysql-connector-j-8.3.0 (Revision: 805f872a57875f311cb82487efcfb070411a3fa0) */SELECT  @@session.auto_increment_increment AS auto_increment_increment, @@character_set_client AS character_set_client, @@character_set_connection AS character_set_connection, @@character_set_results AS character_set_results, @@character_set_server AS character_set_server, @@collation_server AS collation_server, @@collation_connection AS collation_connection, @@init_connect AS init_connect, @@interactive_timeout AS interactive_timeout, @@license AS license, @@lower_case_table_names AS lower_case_table_names, @@max_allowed_packet AS max_allowed_packet, @@net_write_timeout AS net_write_timeout, @@performance_schema AS performance_schema, @@sql_mode AS sql_mode, @@system_time_zone AS system_time_zone, @@time_zone AS time_zone, @@transaction_isolation AS transaction_isolation, @@wait_timeout AS wait_timeout
2024-04-21T10:41:03.730471Z	  197 Query	SET character_set_results = NULL
2024-04-21T10:41:03.731983Z	  197 Query	SET autocommit=1
2024-04-21T10:41:03.733680Z	  197 Query	SELECT @@session.transaction_read_only
2024-04-21T10:41:03.774007Z	  198 Connect	root@172.20.0.1 on chat using SSL/TLS
2024-04-21T10:41:03.775730Z	  198 Query	/* mysql-connector-j-8.3.0 (Revision: 805f872a57875f311cb82487efcfb070411a3fa0) */SELECT  @@session.auto_increment_increment AS auto_increment_increment, @@character_set_client AS character_set_client, @@character_set_connection AS character_set_connection, @@character_set_results AS character_set_results, @@character_set_server AS character_set_server, @@collation_server AS collation_server, @@collation_connection AS collation_connection, @@init_connect AS init_connect, @@interactive_timeout AS interactive_timeout, @@license AS license, @@lower_case_table_names AS lower_case_table_names, @@max_allowed_packet AS max_allowed_packet, @@net_write_timeout AS net_write_timeout, @@performance_schema AS performance_schema, @@sql_mode AS sql_mode, @@system_time_zone AS system_time_zone, @@time_zone AS time_zone, @@transaction_isolation AS transaction_isolation, @@wait_timeout AS wait_timeout
2024-04-21T10:41:03.777683Z	  198 Query	SET character_set_results = NULL
2024-04-21T10:41:03.779422Z	  198 Query	SET autocommit=1
2024-04-21T10:41:03.781023Z	  198 Query	SELECT @@session.transaction_read_only
2024-04-21T10:41:03.815823Z	  199 Connect	root@172.20.0.1 on chat using SSL/TLS
2024-04-21T10:41:03.817894Z	  199 Query	/* mysql-connector-j-8.3.0 (Revision: 805f872a57875f311cb82487efcfb070411a3fa0) */SELECT  @@session.auto_increment_increment AS auto_increment_increment, @@character_set_client AS character_set_client, @@character_set_connection AS character_set_connection, @@character_set_results AS character_set_results, @@character_set_server AS character_set_server, @@collation_server AS collation_server, @@collation_connection AS collation_connection, @@init_connect AS init_connect, @@interactive_timeout AS interactive_timeout, @@license AS license, @@lower_case_table_names AS lower_case_table_names, @@max_allowed_packet AS max_allowed_packet, @@net_write_timeout AS net_write_timeout, @@performance_schema AS performance_schema, @@sql_mode AS sql_mode, @@system_time_zone AS system_time_zone, @@time_zone AS time_zone, @@transaction_isolation AS transaction_isolation, @@wait_timeout AS wait_timeout
2024-04-21T10:41:03.820041Z	  199 Query	SET character_set_results = NULL
2024-04-21T10:41:03.821664Z	  199 Query	SET autocommit=1
2024-04-21T10:41:03.823264Z	  199 Query	SELECT @@session.transaction_read_only
2024-04-21T10:41:04.086352Z	  190 Query	SELECT WORD FROM INFORMATION_SCHEMA.KEYWORDS WHERE RESERVED=1 ORDER BY WORD
2024-04-21T10:41:25.679959Z	  190 Query	select distinct u1_0.user_id,u1_0.created_at,u1_0.email,u1_0.nickname,u1_0.password,ur1_0.user_id,ur1_0.id,ur1_0.role from users u1_0 join user_role ur1_0 on u1_0.user_id=ur1_0.user_id where u1_0.email='abcd@gmail.com'
2024-04-21T10:41:38.249262Z	  190 Query	SET autocommit=0
2024-04-21T10:41:38.270311Z	  190 Query	select u1_0.user_id,u1_0.created_at,u1_0.email,u1_0.nickname,u1_0.password from users u1_0 where u1_0.user_id=1
2024-04-21T10:41:38.275695Z	  190 Query	commit
2024-04-21T10:41:38.278596Z	  190 Query	SET autocommit=1
2024-04-21T10:43:54.977888Z	  200 Connect	root@172.20.0.1 on chat using SSL/TLS
2024-04-21T10:43:54.984261Z	  200 Query	/* mysql-connector-j-8.3.0 (Revision: 805f872a57875f311cb82487efcfb070411a3fa0) */SELECT  @@session.auto_increment_increment AS auto_increment_increment, @@character_set_client AS character_set_client, @@character_set_connection AS character_set_connection, @@character_set_results AS character_set_results, @@character_set_server AS character_set_server, @@collation_server AS collation_server, @@collation_connection AS collation_connection, @@init_connect AS init_connect, @@interactive_timeout AS interactive_timeout, @@license AS license, @@lower_case_table_names AS lower_case_table_names, @@max_allowed_packet AS max_allowed_packet, @@net_write_timeout AS net_write_timeout, @@performance_schema AS performance_schema, @@sql_mode AS sql_mode, @@system_time_zone AS system_time_zone, @@time_zone AS time_zone, @@transaction_isolation AS transaction_isolation, @@wait_timeout AS wait_timeout
2024-04-21T10:43:54.999250Z	  200 Query	SET character_set_results = NULL
2024-04-21T10:43:55.001328Z	  200 Query	SET autocommit=1
2024-04-21T10:43:55.007066Z	  200 Query	SELECT @@session.transaction_read_only
2024-04-21T10:43:55.010415Z	  200 Query	SELECT @@session.transaction_isolation
2024-04-21T10:43:55.024601Z	  200 Query	SELECT @@session.transaction_isolation
2024-04-21T10:43:55.055883Z	  200 Query	SELECT @@session.transaction_read_only
2024-04-21T10:43:55.060114Z	  200 Query	CREATE TABLE IF NOT EXISTS users ( user_id BIGINT AUTO_INCREMENT PRIMARY KEY, email VARCHAR(50) NOT NULL UNIQUE, password VARCHAR(100) NOT NULL, nickname CHAR(10) NOT NULL UNIQUE, created_at TIMESTAMP DEFAULT NOW(), INDEX email_idx (email) )
2024-04-21T10:43:55.068200Z	  200 Query	SELECT @@session.transaction_read_only
2024-04-21T10:43:55.071047Z	  200 Query	CREATE TABLE IF NOT EXISTS user_role ( id BIGINT AUTO_INCREMENT PRIMARY KEY, user_id BIGINT NOT NULL, role ENUM('ROLE_ADMIN', 'ROLE_USER'), INDEX user_role_idx (user_id), FOREIGN KEY (user_id) REFERENCES users(user_id) ON DELETE CASCADE )
2024-04-21T10:43:55.075516Z	  200 Query	SELECT @@session.transaction_read_only
2024-04-21T10:43:55.077684Z	  200 Query	CREATE TABLE IF NOT EXISTS channels ( channel_id BIGINT PRIMARY KEY, created_at TIMESTAMP DEFAULT NOW(), master_id BIGINT NOT NULL, title VARCHAR(30) NOT NULL, total_count INT DEFAULT 0 )
2024-04-21T10:43:55.082598Z	  200 Query	SELECT @@session.transaction_read_only
2024-04-21T10:43:55.084926Z	  200 Query	CREATE TABLE IF NOT EXISTS entries ( channel_id BIGINT, user_id BIGINT, joined_at TIMESTAMP DEFAULT NOW(), PRIMARY KEY (channel_id, user_id), INDEX user_id_idx (user_id), FOREIGN KEY (channel_id) REFERENCES channels(channel_id) ON DELETE CASCADE, FOREIGN KEY (user_id) REFERENCES users(user_id) ON DELETE CASCADE )
2024-04-21T10:43:55.152416Z	  201 Connect	root@172.20.0.1 on chat using SSL/TLS
2024-04-21T10:43:55.159117Z	  201 Query	/* mysql-connector-j-8.3.0 (Revision: 805f872a57875f311cb82487efcfb070411a3fa0) */SELECT  @@session.auto_increment_increment AS auto_increment_increment, @@character_set_client AS character_set_client, @@character_set_connection AS character_set_connection, @@character_set_results AS character_set_results, @@character_set_server AS character_set_server, @@collation_server AS collation_server, @@collation_connection AS collation_connection, @@init_connect AS init_connect, @@interactive_timeout AS interactive_timeout, @@license AS license, @@lower_case_table_names AS lower_case_table_names, @@max_allowed_packet AS max_allowed_packet, @@net_write_timeout AS net_write_timeout, @@performance_schema AS performance_schema, @@sql_mode AS sql_mode, @@system_time_zone AS system_time_zone, @@time_zone AS time_zone, @@transaction_isolation AS transaction_isolation, @@wait_timeout AS wait_timeout
2024-04-21T10:43:55.163000Z	  201 Query	SET character_set_results = NULL
2024-04-21T10:43:55.165246Z	  201 Query	SET autocommit=1
2024-04-21T10:43:55.168140Z	  201 Query	SELECT @@session.transaction_read_only
2024-04-21T10:43:55.209320Z	  202 Connect	root@172.20.0.1 on chat using SSL/TLS
2024-04-21T10:43:55.215920Z	  202 Query	/* mysql-connector-j-8.3.0 (Revision: 805f872a57875f311cb82487efcfb070411a3fa0) */SELECT  @@session.auto_increment_increment AS auto_increment_increment, @@character_set_client AS character_set_client, @@character_set_connection AS character_set_connection, @@character_set_results AS character_set_results, @@character_set_server AS character_set_server, @@collation_server AS collation_server, @@collation_connection AS collation_connection, @@init_connect AS init_connect, @@interactive_timeout AS interactive_timeout, @@license AS license, @@lower_case_table_names AS lower_case_table_names, @@max_allowed_packet AS max_allowed_packet, @@net_write_timeout AS net_write_timeout, @@performance_schema AS performance_schema, @@sql_mode AS sql_mode, @@system_time_zone AS system_time_zone, @@time_zone AS time_zone, @@transaction_isolation AS transaction_isolation, @@wait_timeout AS wait_timeout
2024-04-21T10:43:55.219488Z	  202 Query	SET character_set_results = NULL
2024-04-21T10:43:55.223986Z	  202 Query	SET autocommit=1
2024-04-21T10:43:55.231285Z	  202 Query	SELECT @@session.transaction_read_only
2024-04-21T10:43:55.266049Z	  203 Connect	root@172.20.0.1 on chat using SSL/TLS
2024-04-21T10:43:55.269295Z	  203 Query	/* mysql-connector-j-8.3.0 (Revision: 805f872a57875f311cb82487efcfb070411a3fa0) */SELECT  @@session.auto_increment_increment AS auto_increment_increment, @@character_set_client AS character_set_client, @@character_set_connection AS character_set_connection, @@character_set_results AS character_set_results, @@character_set_server AS character_set_server, @@collation_server AS collation_server, @@collation_connection AS collation_connection, @@init_connect AS init_connect, @@interactive_timeout AS interactive_timeout, @@license AS license, @@lower_case_table_names AS lower_case_table_names, @@max_allowed_packet AS max_allowed_packet, @@net_write_timeout AS net_write_timeout, @@performance_schema AS performance_schema, @@sql_mode AS sql_mode, @@system_time_zone AS system_time_zone, @@time_zone AS time_zone, @@transaction_isolation AS transaction_isolation, @@wait_timeout AS wait_timeout
2024-04-21T10:43:55.273478Z	  203 Query	SET character_set_results = NULL
2024-04-21T10:43:55.278256Z	  203 Query	SET autocommit=1
2024-04-21T10:43:55.281030Z	  203 Query	SELECT @@session.transaction_read_only
2024-04-21T10:43:55.325382Z	  204 Connect	root@172.20.0.1 on chat using SSL/TLS
2024-04-21T10:43:55.329358Z	  204 Query	/* mysql-connector-j-8.3.0 (Revision: 805f872a57875f311cb82487efcfb070411a3fa0) */SELECT  @@session.auto_increment_increment AS auto_increment_increment, @@character_set_client AS character_set_client, @@character_set_connection AS character_set_connection, @@character_set_results AS character_set_results, @@character_set_server AS character_set_server, @@collation_server AS collation_server, @@collation_connection AS collation_connection, @@init_connect AS init_connect, @@interactive_timeout AS interactive_timeout, @@license AS license, @@lower_case_table_names AS lower_case_table_names, @@max_allowed_packet AS max_allowed_packet, @@net_write_timeout AS net_write_timeout, @@performance_schema AS performance_schema, @@sql_mode AS sql_mode, @@system_time_zone AS system_time_zone, @@time_zone AS time_zone, @@transaction_isolation AS transaction_isolation, @@wait_timeout AS wait_timeout
2024-04-21T10:43:55.331874Z	  204 Query	SET character_set_results = NULL
2024-04-21T10:43:55.333770Z	  204 Query	SET autocommit=1
2024-04-21T10:43:55.335998Z	  204 Query	SELECT @@session.transaction_read_only
2024-04-21T10:43:55.369513Z	  205 Connect	root@172.20.0.1 on chat using SSL/TLS
2024-04-21T10:43:55.372274Z	  205 Query	/* mysql-connector-j-8.3.0 (Revision: 805f872a57875f311cb82487efcfb070411a3fa0) */SELECT  @@session.auto_increment_increment AS auto_increment_increment, @@character_set_client AS character_set_client, @@character_set_connection AS character_set_connection, @@character_set_results AS character_set_results, @@character_set_server AS character_set_server, @@collation_server AS collation_server, @@collation_connection AS collation_connection, @@init_connect AS init_connect, @@interactive_timeout AS interactive_timeout, @@license AS license, @@lower_case_table_names AS lower_case_table_names, @@max_allowed_packet AS max_allowed_packet, @@net_write_timeout AS net_write_timeout, @@performance_schema AS performance_schema, @@sql_mode AS sql_mode, @@system_time_zone AS system_time_zone, @@time_zone AS time_zone, @@transaction_isolation AS transaction_isolation, @@wait_timeout AS wait_timeout
2024-04-21T10:43:55.374900Z	  205 Query	SET character_set_results = NULL
2024-04-21T10:43:55.376873Z	  205 Query	SET autocommit=1
2024-04-21T10:43:55.378671Z	  205 Query	SELECT @@session.transaction_read_only
2024-04-21T10:43:55.412645Z	  206 Connect	root@172.20.0.1 on chat using SSL/TLS
2024-04-21T10:43:55.416397Z	  206 Query	/* mysql-connector-j-8.3.0 (Revision: 805f872a57875f311cb82487efcfb070411a3fa0) */SELECT  @@session.auto_increment_increment AS auto_increment_increment, @@character_set_client AS character_set_client, @@character_set_connection AS character_set_connection, @@character_set_results AS character_set_results, @@character_set_server AS character_set_server, @@collation_server AS collation_server, @@collation_connection AS collation_connection, @@init_connect AS init_connect, @@interactive_timeout AS interactive_timeout, @@license AS license, @@lower_case_table_names AS lower_case_table_names, @@max_allowed_packet AS max_allowed_packet, @@net_write_timeout AS net_write_timeout, @@performance_schema AS performance_schema, @@sql_mode AS sql_mode, @@system_time_zone AS system_time_zone, @@time_zone AS time_zone, @@transaction_isolation AS transaction_isolation, @@wait_timeout AS wait_timeout
2024-04-21T10:43:55.419226Z	  206 Query	SET character_set_results = NULL
2024-04-21T10:43:55.421284Z	  206 Query	SET autocommit=1
2024-04-21T10:43:55.423210Z	  206 Query	SELECT @@session.transaction_read_only
2024-04-21T10:43:55.460771Z	  207 Connect	root@172.20.0.1 on chat using SSL/TLS
2024-04-21T10:43:55.463881Z	  207 Query	/* mysql-connector-j-8.3.0 (Revision: 805f872a57875f311cb82487efcfb070411a3fa0) */SELECT  @@session.auto_increment_increment AS auto_increment_increment, @@character_set_client AS character_set_client, @@character_set_connection AS character_set_connection, @@character_set_results AS character_set_results, @@character_set_server AS character_set_server, @@collation_server AS collation_server, @@collation_connection AS collation_connection, @@init_connect AS init_connect, @@interactive_timeout AS interactive_timeout, @@license AS license, @@lower_case_table_names AS lower_case_table_names, @@max_allowed_packet AS max_allowed_packet, @@net_write_timeout AS net_write_timeout, @@performance_schema AS performance_schema, @@sql_mode AS sql_mode, @@system_time_zone AS system_time_zone, @@time_zone AS time_zone, @@transaction_isolation AS transaction_isolation, @@wait_timeout AS wait_timeout
2024-04-21T10:43:55.466398Z	  207 Query	SET character_set_results = NULL
2024-04-21T10:43:55.468468Z	  207 Query	SET autocommit=1
2024-04-21T10:43:55.471161Z	  207 Query	SELECT @@session.transaction_read_only
2024-04-21T10:43:55.513964Z	  208 Connect	root@172.20.0.1 on chat using SSL/TLS
2024-04-21T10:43:55.520360Z	  208 Query	/* mysql-connector-j-8.3.0 (Revision: 805f872a57875f311cb82487efcfb070411a3fa0) */SELECT  @@session.auto_increment_increment AS auto_increment_increment, @@character_set_client AS character_set_client, @@character_set_connection AS character_set_connection, @@character_set_results AS character_set_results, @@character_set_server AS character_set_server, @@collation_server AS collation_server, @@collation_connection AS collation_connection, @@init_connect AS init_connect, @@interactive_timeout AS interactive_timeout, @@license AS license, @@lower_case_table_names AS lower_case_table_names, @@max_allowed_packet AS max_allowed_packet, @@net_write_timeout AS net_write_timeout, @@performance_schema AS performance_schema, @@sql_mode AS sql_mode, @@system_time_zone AS system_time_zone, @@time_zone AS time_zone, @@transaction_isolation AS transaction_isolation, @@wait_timeout AS wait_timeout
2024-04-21T10:43:55.523548Z	  208 Query	SET character_set_results = NULL
2024-04-21T10:43:55.525816Z	  208 Query	SET autocommit=1
2024-04-21T10:43:55.528187Z	  208 Query	SELECT @@session.transaction_read_only
2024-04-21T10:43:55.564106Z	  209 Connect	root@172.20.0.1 on chat using SSL/TLS
2024-04-21T10:43:55.567665Z	  209 Query	/* mysql-connector-j-8.3.0 (Revision: 805f872a57875f311cb82487efcfb070411a3fa0) */SELECT  @@session.auto_increment_increment AS auto_increment_increment, @@character_set_client AS character_set_client, @@character_set_connection AS character_set_connection, @@character_set_results AS character_set_results, @@character_set_server AS character_set_server, @@collation_server AS collation_server, @@collation_connection AS collation_connection, @@init_connect AS init_connect, @@interactive_timeout AS interactive_timeout, @@license AS license, @@lower_case_table_names AS lower_case_table_names, @@max_allowed_packet AS max_allowed_packet, @@net_write_timeout AS net_write_timeout, @@performance_schema AS performance_schema, @@sql_mode AS sql_mode, @@system_time_zone AS system_time_zone, @@time_zone AS time_zone, @@transaction_isolation AS transaction_isolation, @@wait_timeout AS wait_timeout
2024-04-21T10:43:55.569917Z	  209 Query	SET character_set_results = NULL
2024-04-21T10:43:55.571687Z	  209 Query	SET autocommit=1
2024-04-21T10:43:55.573552Z	  209 Query	SELECT @@session.transaction_read_only
2024-04-21T10:43:55.982588Z	  200 Query	SELECT WORD FROM INFORMATION_SCHEMA.KEYWORDS WHERE RESERVED=1 ORDER BY WORD
2024-04-21T10:44:03.735211Z	  200 Quit	
2024-04-21T10:44:03.741280Z	  201 Quit	
2024-04-21T10:44:03.743432Z	  202 Quit	
2024-04-21T10:44:03.745123Z	  203 Quit	
2024-04-21T10:44:03.747167Z	  204 Quit	
2024-04-21T10:44:03.749486Z	  205 Quit	
2024-04-21T10:44:03.751559Z	  206 Quit	
2024-04-21T10:44:03.753349Z	  207 Quit	
2024-04-21T10:44:03.755449Z	  208 Quit	
2024-04-21T10:44:03.757183Z	  209 Quit	
2024-04-21T10:46:23.810615Z	  210 Connect	root@172.20.0.1 on chat using SSL/TLS
2024-04-21T10:46:23.818821Z	  210 Query	/* mysql-connector-j-8.3.0 (Revision: 805f872a57875f311cb82487efcfb070411a3fa0) */SELECT  @@session.auto_increment_increment AS auto_increment_increment, @@character_set_client AS character_set_client, @@character_set_connection AS character_set_connection, @@character_set_results AS character_set_results, @@character_set_server AS character_set_server, @@collation_server AS collation_server, @@collation_connection AS collation_connection, @@init_connect AS init_connect, @@interactive_timeout AS interactive_timeout, @@license AS license, @@lower_case_table_names AS lower_case_table_names, @@max_allowed_packet AS max_allowed_packet, @@net_write_timeout AS net_write_timeout, @@performance_schema AS performance_schema, @@sql_mode AS sql_mode, @@system_time_zone AS system_time_zone, @@time_zone AS time_zone, @@transaction_isolation AS transaction_isolation, @@wait_timeout AS wait_timeout
2024-04-21T10:46:23.835169Z	  210 Query	SET character_set_results = NULL
2024-04-21T10:46:23.836835Z	  210 Query	SET autocommit=1
2024-04-21T10:46:23.843512Z	  210 Query	SELECT @@session.transaction_read_only
2024-04-21T10:46:23.848138Z	  210 Query	SELECT @@session.transaction_isolation
2024-04-21T10:46:23.857256Z	  210 Query	SELECT @@session.transaction_isolation
2024-04-21T10:46:23.884848Z	  210 Query	SELECT @@session.transaction_read_only
2024-04-21T10:46:23.890305Z	  210 Query	CREATE TABLE IF NOT EXISTS users ( user_id BIGINT AUTO_INCREMENT PRIMARY KEY, email VARCHAR(50) NOT NULL UNIQUE, password VARCHAR(100) NOT NULL, nickname CHAR(10) NOT NULL UNIQUE, created_at TIMESTAMP DEFAULT NOW(), INDEX email_idx (email) )
2024-04-21T10:46:23.894664Z	  210 Query	SELECT @@session.transaction_read_only
2024-04-21T10:46:23.897071Z	  210 Query	CREATE TABLE IF NOT EXISTS user_role ( id BIGINT AUTO_INCREMENT PRIMARY KEY, user_id BIGINT NOT NULL, role ENUM('ROLE_ADMIN', 'ROLE_USER'), INDEX user_role_idx (user_id), FOREIGN KEY (user_id) REFERENCES users(user_id) ON DELETE CASCADE )
2024-04-21T10:46:23.900735Z	  210 Query	SELECT @@session.transaction_read_only
2024-04-21T10:46:23.902534Z	  210 Query	CREATE TABLE IF NOT EXISTS channels ( channel_id BIGINT PRIMARY KEY, created_at TIMESTAMP DEFAULT NOW(), master_id BIGINT NOT NULL, title VARCHAR(30) NOT NULL, total_count INT DEFAULT 0 )
2024-04-21T10:46:23.908382Z	  210 Query	SELECT @@session.transaction_read_only
2024-04-21T10:46:23.913686Z	  210 Query	CREATE TABLE IF NOT EXISTS entries ( channel_id BIGINT, user_id BIGINT, joined_at TIMESTAMP DEFAULT NOW(), PRIMARY KEY (channel_id, user_id), INDEX user_id_idx (user_id), FOREIGN KEY (channel_id) REFERENCES channels(channel_id) ON DELETE CASCADE, FOREIGN KEY (user_id) REFERENCES users(user_id) ON DELETE CASCADE )
2024-04-21T10:46:23.995192Z	  211 Connect	root@172.20.0.1 on chat using SSL/TLS
2024-04-21T10:46:23.999581Z	  211 Query	/* mysql-connector-j-8.3.0 (Revision: 805f872a57875f311cb82487efcfb070411a3fa0) */SELECT  @@session.auto_increment_increment AS auto_increment_increment, @@character_set_client AS character_set_client, @@character_set_connection AS character_set_connection, @@character_set_results AS character_set_results, @@character_set_server AS character_set_server, @@collation_server AS collation_server, @@collation_connection AS collation_connection, @@init_connect AS init_connect, @@interactive_timeout AS interactive_timeout, @@license AS license, @@lower_case_table_names AS lower_case_table_names, @@max_allowed_packet AS max_allowed_packet, @@net_write_timeout AS net_write_timeout, @@performance_schema AS performance_schema, @@sql_mode AS sql_mode, @@system_time_zone AS system_time_zone, @@time_zone AS time_zone, @@transaction_isolation AS transaction_isolation, @@wait_timeout AS wait_timeout
2024-04-21T10:46:24.002231Z	  211 Query	SET character_set_results = NULL
2024-04-21T10:46:24.004247Z	  211 Query	SET autocommit=1
2024-04-21T10:46:24.007223Z	  211 Query	SELECT @@session.transaction_read_only
2024-04-21T10:46:24.048497Z	  212 Connect	root@172.20.0.1 on chat using SSL/TLS
2024-04-21T10:46:24.050618Z	  212 Query	/* mysql-connector-j-8.3.0 (Revision: 805f872a57875f311cb82487efcfb070411a3fa0) */SELECT  @@session.auto_increment_increment AS auto_increment_increment, @@character_set_client AS character_set_client, @@character_set_connection AS character_set_connection, @@character_set_results AS character_set_results, @@character_set_server AS character_set_server, @@collation_server AS collation_server, @@collation_connection AS collation_connection, @@init_connect AS init_connect, @@interactive_timeout AS interactive_timeout, @@license AS license, @@lower_case_table_names AS lower_case_table_names, @@max_allowed_packet AS max_allowed_packet, @@net_write_timeout AS net_write_timeout, @@performance_schema AS performance_schema, @@sql_mode AS sql_mode, @@system_time_zone AS system_time_zone, @@time_zone AS time_zone, @@transaction_isolation AS transaction_isolation, @@wait_timeout AS wait_timeout
2024-04-21T10:46:24.054504Z	  212 Query	SET character_set_results = NULL
2024-04-21T10:46:24.061226Z	  212 Query	SET autocommit=1
2024-04-21T10:46:24.064555Z	  212 Query	SELECT @@session.transaction_read_only
2024-04-21T10:46:24.114534Z	  213 Connect	root@172.20.0.1 on chat using SSL/TLS
2024-04-21T10:46:24.124062Z	  213 Query	/* mysql-connector-j-8.3.0 (Revision: 805f872a57875f311cb82487efcfb070411a3fa0) */SELECT  @@session.auto_increment_increment AS auto_increment_increment, @@character_set_client AS character_set_client, @@character_set_connection AS character_set_connection, @@character_set_results AS character_set_results, @@character_set_server AS character_set_server, @@collation_server AS collation_server, @@collation_connection AS collation_connection, @@init_connect AS init_connect, @@interactive_timeout AS interactive_timeout, @@license AS license, @@lower_case_table_names AS lower_case_table_names, @@max_allowed_packet AS max_allowed_packet, @@net_write_timeout AS net_write_timeout, @@performance_schema AS performance_schema, @@sql_mode AS sql_mode, @@system_time_zone AS system_time_zone, @@time_zone AS time_zone, @@transaction_isolation AS transaction_isolation, @@wait_timeout AS wait_timeout
2024-04-21T10:46:24.132187Z	  213 Query	SET character_set_results = NULL
2024-04-21T10:46:24.143144Z	  213 Query	SET autocommit=1
2024-04-21T10:46:24.150154Z	  213 Query	SELECT @@session.transaction_read_only
2024-04-21T10:46:24.191698Z	  214 Connect	root@172.20.0.1 on chat using SSL/TLS
2024-04-21T10:46:24.197493Z	  214 Query	/* mysql-connector-j-8.3.0 (Revision: 805f872a57875f311cb82487efcfb070411a3fa0) */SELECT  @@session.auto_increment_increment AS auto_increment_increment, @@character_set_client AS character_set_client, @@character_set_connection AS character_set_connection, @@character_set_results AS character_set_results, @@character_set_server AS character_set_server, @@collation_server AS collation_server, @@collation_connection AS collation_connection, @@init_connect AS init_connect, @@interactive_timeout AS interactive_timeout, @@license AS license, @@lower_case_table_names AS lower_case_table_names, @@max_allowed_packet AS max_allowed_packet, @@net_write_timeout AS net_write_timeout, @@performance_schema AS performance_schema, @@sql_mode AS sql_mode, @@system_time_zone AS system_time_zone, @@time_zone AS time_zone, @@transaction_isolation AS transaction_isolation, @@wait_timeout AS wait_timeout
2024-04-21T10:46:24.201080Z	  214 Query	SET character_set_results = NULL
2024-04-21T10:46:24.203158Z	  214 Query	SET autocommit=1
2024-04-21T10:46:24.204936Z	  214 Query	SELECT @@session.transaction_read_only
2024-04-21T10:46:24.245944Z	  215 Connect	root@172.20.0.1 on chat using SSL/TLS
2024-04-21T10:46:24.248586Z	  215 Query	/* mysql-connector-j-8.3.0 (Revision: 805f872a57875f311cb82487efcfb070411a3fa0) */SELECT  @@session.auto_increment_increment AS auto_increment_increment, @@character_set_client AS character_set_client, @@character_set_connection AS character_set_connection, @@character_set_results AS character_set_results, @@character_set_server AS character_set_server, @@collation_server AS collation_server, @@collation_connection AS collation_connection, @@init_connect AS init_connect, @@interactive_timeout AS interactive_timeout, @@license AS license, @@lower_case_table_names AS lower_case_table_names, @@max_allowed_packet AS max_allowed_packet, @@net_write_timeout AS net_write_timeout, @@performance_schema AS performance_schema, @@sql_mode AS sql_mode, @@system_time_zone AS system_time_zone, @@time_zone AS time_zone, @@transaction_isolation AS transaction_isolation, @@wait_timeout AS wait_timeout
2024-04-21T10:46:24.251391Z	  215 Query	SET character_set_results = NULL
2024-04-21T10:46:24.253383Z	  215 Query	SET autocommit=1
2024-04-21T10:46:24.255854Z	  215 Query	SELECT @@session.transaction_read_only
2024-04-21T10:46:24.286898Z	  216 Connect	root@172.20.0.1 on chat using SSL/TLS
2024-04-21T10:46:24.291041Z	  216 Query	/* mysql-connector-j-8.3.0 (Revision: 805f872a57875f311cb82487efcfb070411a3fa0) */SELECT  @@session.auto_increment_increment AS auto_increment_increment, @@character_set_client AS character_set_client, @@character_set_connection AS character_set_connection, @@character_set_results AS character_set_results, @@character_set_server AS character_set_server, @@collation_server AS collation_server, @@collation_connection AS collation_connection, @@init_connect AS init_connect, @@interactive_timeout AS interactive_timeout, @@license AS license, @@lower_case_table_names AS lower_case_table_names, @@max_allowed_packet AS max_allowed_packet, @@net_write_timeout AS net_write_timeout, @@performance_schema AS performance_schema, @@sql_mode AS sql_mode, @@system_time_zone AS system_time_zone, @@time_zone AS time_zone, @@transaction_isolation AS transaction_isolation, @@wait_timeout AS wait_timeout
2024-04-21T10:46:24.293833Z	  216 Query	SET character_set_results = NULL
2024-04-21T10:46:24.295970Z	  216 Query	SET autocommit=1
2024-04-21T10:46:24.297939Z	  216 Query	SELECT @@session.transaction_read_only
2024-04-21T10:46:24.332775Z	  217 Connect	root@172.20.0.1 on chat using SSL/TLS
2024-04-21T10:46:24.334657Z	  217 Query	/* mysql-connector-j-8.3.0 (Revision: 805f872a57875f311cb82487efcfb070411a3fa0) */SELECT  @@session.auto_increment_increment AS auto_increment_increment, @@character_set_client AS character_set_client, @@character_set_connection AS character_set_connection, @@character_set_results AS character_set_results, @@character_set_server AS character_set_server, @@collation_server AS collation_server, @@collation_connection AS collation_connection, @@init_connect AS init_connect, @@interactive_timeout AS interactive_timeout, @@license AS license, @@lower_case_table_names AS lower_case_table_names, @@max_allowed_packet AS max_allowed_packet, @@net_write_timeout AS net_write_timeout, @@performance_schema AS performance_schema, @@sql_mode AS sql_mode, @@system_time_zone AS system_time_zone, @@time_zone AS time_zone, @@transaction_isolation AS transaction_isolation, @@wait_timeout AS wait_timeout
2024-04-21T10:46:24.336780Z	  217 Query	SET character_set_results = NULL
2024-04-21T10:46:24.338699Z	  217 Query	SET autocommit=1
2024-04-21T10:46:24.340716Z	  217 Query	SELECT @@session.transaction_read_only
2024-04-21T10:46:24.376693Z	  218 Connect	root@172.20.0.1 on chat using SSL/TLS
2024-04-21T10:46:24.379163Z	  218 Query	/* mysql-connector-j-8.3.0 (Revision: 805f872a57875f311cb82487efcfb070411a3fa0) */SELECT  @@session.auto_increment_increment AS auto_increment_increment, @@character_set_client AS character_set_client, @@character_set_connection AS character_set_connection, @@character_set_results AS character_set_results, @@character_set_server AS character_set_server, @@collation_server AS collation_server, @@collation_connection AS collation_connection, @@init_connect AS init_connect, @@interactive_timeout AS interactive_timeout, @@license AS license, @@lower_case_table_names AS lower_case_table_names, @@max_allowed_packet AS max_allowed_packet, @@net_write_timeout AS net_write_timeout, @@performance_schema AS performance_schema, @@sql_mode AS sql_mode, @@system_time_zone AS system_time_zone, @@time_zone AS time_zone, @@transaction_isolation AS transaction_isolation, @@wait_timeout AS wait_timeout
2024-04-21T10:46:24.381462Z	  218 Query	SET character_set_results = NULL
2024-04-21T10:46:24.384133Z	  218 Query	SET autocommit=1
2024-04-21T10:46:24.386043Z	  218 Query	SELECT @@session.transaction_read_only
2024-04-21T10:46:24.430523Z	  219 Connect	root@172.20.0.1 on chat using SSL/TLS
2024-04-21T10:46:24.432937Z	  219 Query	/* mysql-connector-j-8.3.0 (Revision: 805f872a57875f311cb82487efcfb070411a3fa0) */SELECT  @@session.auto_increment_increment AS auto_increment_increment, @@character_set_client AS character_set_client, @@character_set_connection AS character_set_connection, @@character_set_results AS character_set_results, @@character_set_server AS character_set_server, @@collation_server AS collation_server, @@collation_connection AS collation_connection, @@init_connect AS init_connect, @@interactive_timeout AS interactive_timeout, @@license AS license, @@lower_case_table_names AS lower_case_table_names, @@max_allowed_packet AS max_allowed_packet, @@net_write_timeout AS net_write_timeout, @@performance_schema AS performance_schema, @@sql_mode AS sql_mode, @@system_time_zone AS system_time_zone, @@time_zone AS time_zone, @@transaction_isolation AS transaction_isolation, @@wait_timeout AS wait_timeout
2024-04-21T10:46:24.435303Z	  219 Query	SET character_set_results = NULL
2024-04-21T10:46:24.437458Z	  219 Query	SET autocommit=1
2024-04-21T10:46:24.440014Z	  219 Query	SELECT @@session.transaction_read_only
2024-04-21T10:46:24.832896Z	  210 Query	SELECT WORD FROM INFORMATION_SCHEMA.KEYWORDS WHERE RESERVED=1 ORDER BY WORD
2024-04-21T10:47:03.914889Z	  210 Query	select distinct u1_0.user_id,u1_0.created_at,u1_0.email,u1_0.nickname,u1_0.password,ur1_0.user_id,ur1_0.id,ur1_0.role from users u1_0 join user_role ur1_0 on u1_0.user_id=ur1_0.user_id where u1_0.email='abcd@gmail.com'
2024-04-21T10:49:05.280553Z	  210 Quit	
2024-04-21T10:49:05.282178Z	  211 Quit	
2024-04-21T10:49:05.283756Z	  212 Quit	
2024-04-21T10:49:05.285217Z	  213 Quit	
2024-04-21T10:49:05.286952Z	  214 Quit	
2024-04-21T10:49:05.288947Z	  215 Quit	
2024-04-21T10:49:05.290679Z	  216 Quit	
2024-04-21T10:49:05.292292Z	  217 Quit	
2024-04-21T10:49:05.293751Z	  218 Quit	
2024-04-21T10:49:05.295319Z	  219 Quit	
2024-04-21T10:49:25.689808Z	  179 Quit	
