2024-04-20T13:52:34.857599Z 0 [System] [MY-015017] [Server] MySQL Server Initialization - start.
2024-04-20T13:52:34.858941Z 0 [Warning] [MY-011068] [Server] The syntax '--skip-host-cache' is deprecated and will be removed in a future release. Please use SET GLOBAL host_cache_size=0 instead.
2024-04-20T13:52:34.858965Z 0 [Warning] [MY-011068] [Server] The syntax 'log_slave_updates' is deprecated and will be removed in a future release. Please use log_replica_updates instead.
2024-04-20T13:52:34.859227Z 0 [System] [MY-013169] [Server] /usr/sbin/mysqld (mysqld 8.1.0) initializing of server in progress as process 81
2024-04-20T13:52:34.871039Z 0 [Warning] [MY-010161] [Server] You need to use --log-bin to make --log-replica-updates work.
2024-04-20T13:52:34.880683Z 1 [System] [MY-013576] [InnoDB] InnoDB initialization has started.
2024-04-20T13:52:35.310416Z 1 [System] [MY-013577] [InnoDB] InnoDB initialization has ended.
2024-04-20T13:52:36.801172Z 6 [Warning] [MY-010453] [Server] root@localhost is created with an empty password ! Please consider switching off the --initialize-insecure option.
2024-04-20T13:52:39.821639Z 0 [System] [MY-015018] [Server] MySQL Server Initialization - end.
2024-04-20T13:52:39.931507Z 0 [System] [MY-015015] [Server] MySQL Server - start.
2024-04-20T13:52:40.142918Z 0 [Warning] [MY-011068] [Server] The syntax '--skip-host-cache' is deprecated and will be removed in a future release. Please use SET GLOBAL host_cache_size=0 instead.
2024-04-20T13:52:40.142950Z 0 [Warning] [MY-011068] [Server] The syntax 'log_slave_updates' is deprecated and will be removed in a future release. Please use log_replica_updates instead.
2024-04-20T13:52:40.144326Z 0 [System] [MY-010116] [Server] /usr/sbin/mysqld (mysqld 8.1.0) starting as process 125
2024-04-20T13:52:40.168705Z 1 [System] [MY-013576] [InnoDB] InnoDB initialization has started.
2024-04-20T13:52:40.310596Z 1 [System] [MY-013577] [InnoDB] InnoDB initialization has ended.
2024-04-20T13:52:40.582979Z 0 [Warning] [MY-010068] [Server] CA certificate ca.pem is self signed.
2024-04-20T13:52:40.583271Z 0 [System] [MY-013602] [Server] Channel mysql_main configured to support TLS. Encrypted connections are now supported for this channel.
2024-04-20T13:52:40.586403Z 0 [Warning] [MY-011810] [Server] Insecure configuration for --pid-file: Location '/var/run/mysqld' in the path is accessible to all OS users. Consider choosing a different directory.
2024-04-20T13:52:40.605269Z 0 [System] [MY-011323] [Server] X Plugin ready for connections. Socket: /var/run/mysqld/mysqlx.sock
2024-04-20T13:52:40.605474Z 0 [System] [MY-010931] [Server] /usr/sbin/mysqld: ready for connections. Version: '8.1.0'  socket: '/var/run/mysqld/mysqld.sock'  port: 0  MySQL Community Server - GPL.
2024-04-20T13:52:43.393596Z 11 [System] [MY-013172] [Server] Received SHUTDOWN from user root. Shutting down mysqld (Version: 8.1.0).
2024-04-20T13:52:45.251703Z 0 [System] [MY-010910] [Server] /usr/sbin/mysqld: Shutdown complete (mysqld 8.1.0)  MySQL Community Server - GPL.
2024-04-20T13:52:45.254300Z 0 [System] [MY-015016] [Server] MySQL Server - end.
2024-04-20T13:52:45.408171Z 0 [System] [MY-015015] [Server] MySQL Server - start.
2024-04-20T13:52:45.580318Z 0 [Warning] [MY-011068] [Server] The syntax '--skip-host-cache' is deprecated and will be removed in a future release. Please use SET GLOBAL host_cache_size=0 instead.
2024-04-20T13:52:45.580347Z 0 [Warning] [MY-011068] [Server] The syntax 'log_slave_updates' is deprecated and will be removed in a future release. Please use log_replica_updates instead.
2024-04-20T13:52:45.580894Z 0 [System] [MY-010116] [Server] /usr/sbin/mysqld (mysqld 8.1.0) starting as process 1
2024-04-20T13:52:45.599363Z 1 [System] [MY-013576] [InnoDB] InnoDB initialization has started.
2024-04-20T13:52:45.712062Z 1 [System] [MY-013577] [InnoDB] InnoDB initialization has ended.
2024-04-20T13:52:45.914025Z 0 [Warning] [MY-010068] [Server] CA certificate ca.pem is self signed.
2024-04-20T13:52:45.914258Z 0 [System] [MY-013602] [Server] Channel mysql_main configured to support TLS. Encrypted connections are now supported for this channel.
2024-04-20T13:52:45.917426Z 0 [Warning] [MY-011810] [Server] Insecure configuration for --pid-file: Location '/var/run/mysqld' in the path is accessible to all OS users. Consider choosing a different directory.
2024-04-20T13:52:45.934267Z 0 [System] [MY-011323] [Server] X Plugin ready for connections. Bind-address: '::' port: 33060, socket: /var/run/mysqld/mysqlx.sock
2024-04-20T13:52:45.934349Z 0 [System] [MY-010931] [Server] /usr/sbin/mysqld: ready for connections. Version: '8.1.0'  socket: '/var/run/mysqld/mysqld.sock'  port: 3306  MySQL Community Server - GPL.
2024-04-20T13:57:13.306606Z 8 [System] [MY-010597] [Repl] 'CHANGE REPLICATION SOURCE TO FOR CHANNEL '' executed'. Previous state source_host='', source_port= 3306, source_log_file='', source_log_pos= 4, source_bind=''. New state source_host='chat-project-master-1', source_port= 3306, source_log_file='', source_log_pos= 4, source_bind=''.
2024-04-20T13:57:23.601731Z 9 [Warning] [MY-010897] [Repl] Storing MySQL user name or password information in the connection metadata repository is not secure and is therefore not recommended. Please consider using the USER and PASSWORD connection options for START REPLICA; see the 'START REPLICA Syntax' in the MySQL Manual for more information.
2024-04-20T13:57:23.620647Z 9 [System] [MY-014002] [Repl] Replica receiver thread for channel '': connected to source 'repl_user@chat-project-master-1:3306' with server_uuid=3daa31a6-ff1d-11ee-8bf4-0242ac140002, server_id=1111. Starting GTID-based replication.
2024-04-20T14:04:28.163941Z 0 [System] [MY-013172] [Server] Received SHUTDOWN from user <via user signal>. Shutting down mysqld (Version: 8.1.0).
2024-04-20T14:04:29.560640Z 0 [System] [MY-010910] [Server] /usr/sbin/mysqld: Shutdown complete (mysqld 8.1.0)  MySQL Community Server - GPL.
2024-04-20T14:04:29.625432Z 0 [System] [MY-015016] [Server] MySQL Server - end.
2024-04-21T07:14:22.123389Z 0 [System] [MY-015015] [Server] MySQL Server - start.
2024-04-21T07:14:36.470637Z 0 [Warning] [MY-011068] [Server] The syntax '--skip-host-cache' is deprecated and will be removed in a future release. Please use SET GLOBAL host_cache_size=0 instead.
2024-04-21T07:14:36.470682Z 0 [Warning] [MY-011068] [Server] The syntax 'log_slave_updates' is deprecated and will be removed in a future release. Please use log_replica_updates instead.
2024-04-21T07:14:36.505122Z 0 [System] [MY-010116] [Server] /usr/sbin/mysqld (mysqld 8.1.0) starting as process 1
2024-04-21T07:14:36.541671Z 1 [System] [MY-013576] [InnoDB] InnoDB initialization has started.
2024-04-21T07:14:37.142335Z 1 [System] [MY-013577] [InnoDB] InnoDB initialization has ended.
2024-04-21T07:14:38.596235Z 0 [Warning] [MY-010068] [Server] CA certificate ca.pem is self signed.
2024-04-21T07:14:38.596870Z 0 [System] [MY-013602] [Server] Channel mysql_main configured to support TLS. Encrypted connections are now supported for this channel.
2024-04-21T07:14:38.601373Z 0 [Warning] [MY-011810] [Server] Insecure configuration for --pid-file: Location '/var/run/mysqld' in the path is accessible to all OS users. Consider choosing a different directory.
2024-04-21T07:14:38.804079Z 5 [Warning] [MY-010897] [Repl] Storing MySQL user name or password information in the connection metadata repository is not secure and is therefore not recommended. Please consider using the USER and PASSWORD connection options for START REPLICA; see the 'START REPLICA Syntax' in the MySQL Manual for more information.
2024-04-21T07:14:38.834198Z 0 [System] [MY-011323] [Server] X Plugin ready for connections. Bind-address: '::' port: 33060, socket: /var/run/mysqld/mysqlx.sock
2024-04-21T07:14:38.834332Z 0 [System] [MY-010931] [Server] /usr/sbin/mysqld: ready for connections. Version: '8.1.0'  socket: '/var/run/mysqld/mysqld.sock'  port: 3306  MySQL Community Server - GPL.
2024-04-21T07:14:38.844888Z 5 [System] [MY-014002] [Repl] Replica receiver thread for channel '': connected to source 'repl_user@chat-project-master-1:3306' with server_uuid=3daa31a6-ff1d-11ee-8bf4-0242ac140002, server_id=1111. Starting GTID-based replication.
2024-04-21T10:49:39.529523Z 0 [System] [MY-013172] [Server] Received SHUTDOWN from user <via user signal>. Shutting down mysqld (Version: 8.1.0).
2024-04-21T10:49:41.037291Z 0 [System] [MY-010910] [Server] /usr/sbin/mysqld: Shutdown complete (mysqld 8.1.0)  MySQL Community Server - GPL.
2024-04-21T10:49:41.038635Z 0 [System] [MY-015016] [Server] MySQL Server - end.
2024-04-22T06:18:32.684363Z 0 [System] [MY-015015] [Server] MySQL Server - start.
2024-04-22T06:18:32.912243Z 0 [Warning] [MY-011068] [Server] The syntax '--skip-host-cache' is deprecated and will be removed in a future release. Please use SET GLOBAL host_cache_size=0 instead.
2024-04-22T06:18:32.912269Z 0 [Warning] [MY-011068] [Server] The syntax 'log_slave_updates' is deprecated and will be removed in a future release. Please use log_replica_updates instead.
2024-04-22T06:18:32.914394Z 0 [System] [MY-010116] [Server] /usr/sbin/mysqld (mysqld 8.1.0) starting as process 1
2024-04-22T06:18:32.954916Z 1 [System] [MY-013576] [InnoDB] InnoDB initialization has started.
2024-04-22T06:18:33.158524Z 1 [System] [MY-013577] [InnoDB] InnoDB initialization has ended.
2024-04-22T06:18:33.446506Z 0 [Warning] [MY-010068] [Server] CA certificate ca.pem is self signed.
2024-04-22T06:18:33.446714Z 0 [System] [MY-013602] [Server] Channel mysql_main configured to support TLS. Encrypted connections are now supported for this channel.
2024-04-22T06:18:33.449898Z 0 [Warning] [MY-011810] [Server] Insecure configuration for --pid-file: Location '/var/run/mysqld' in the path is accessible to all OS users. Consider choosing a different directory.
2024-04-22T06:18:33.527646Z 5 [Warning] [MY-010897] [Repl] Storing MySQL user name or password information in the connection metadata repository is not secure and is therefore not recommended. Please consider using the USER and PASSWORD connection options for START REPLICA; see the 'START REPLICA Syntax' in the MySQL Manual for more information.
2024-04-22T06:18:33.531639Z 0 [System] [MY-011323] [Server] X Plugin ready for connections. Bind-address: '::' port: 33060, socket: /var/run/mysqld/mysqlx.sock
2024-04-22T06:18:33.531952Z 0 [System] [MY-010931] [Server] /usr/sbin/mysqld: ready for connections. Version: '8.1.0'  socket: '/var/run/mysqld/mysqld.sock'  port: 3306  MySQL Community Server - GPL.
2024-04-22T06:18:33.568093Z 5 [System] [MY-014002] [Repl] Replica receiver thread for channel '': connected to source 'repl_user@chat-project-master-1:3306' with server_uuid=3daa31a6-ff1d-11ee-8bf4-0242ac140002, server_id=1111. Starting GTID-based replication.
2024-04-24T16:03:33.851099Z 0 [System] [MY-015015] [Server] MySQL Server - start.
2024-04-24T16:03:34.085039Z 0 [Warning] [MY-011068] [Server] The syntax '--skip-host-cache' is deprecated and will be removed in a future release. Please use SET GLOBAL host_cache_size=0 instead.
2024-04-24T16:03:34.085073Z 0 [Warning] [MY-011068] [Server] The syntax 'log_slave_updates' is deprecated and will be removed in a future release. Please use log_replica_updates instead.
2024-04-24T16:03:34.086965Z 0 [System] [MY-010116] [Server] /usr/sbin/mysqld (mysqld 8.1.0) starting as process 1
2024-04-24T16:03:34.120169Z 1 [System] [MY-013576] [InnoDB] InnoDB initialization has started.
2024-04-24T16:03:34.451559Z 1 [System] [MY-013577] [InnoDB] InnoDB initialization has ended.
2024-04-24T16:03:34.652483Z 0 [System] [MY-010229] [Server] Starting XA crash recovery...
2024-04-24T16:03:34.660596Z 0 [System] [MY-010232] [Server] XA crash recovery finished.
2024-04-24T16:03:34.758269Z 0 [Warning] [MY-010068] [Server] CA certificate ca.pem is self signed.
2024-04-24T16:03:34.758637Z 0 [System] [MY-013602] [Server] Channel mysql_main configured to support TLS. Encrypted connections are now supported for this channel.
2024-04-24T16:03:34.763299Z 0 [Warning] [MY-011810] [Server] Insecure configuration for --pid-file: Location '/var/run/mysqld' in the path is accessible to all OS users. Consider choosing a different directory.
2024-04-24T16:03:34.850263Z 5 [Warning] [MY-010897] [Repl] Storing MySQL user name or password information in the connection metadata repository is not secure and is therefore not recommended. Please consider using the USER and PASSWORD connection options for START REPLICA; see the 'START REPLICA Syntax' in the MySQL Manual for more information.
2024-04-24T16:03:34.854515Z 0 [System] [MY-011323] [Server] X Plugin ready for connections. Bind-address: '::' port: 33060, socket: /var/run/mysqld/mysqlx.sock
2024-04-24T16:03:34.855160Z 0 [System] [MY-010931] [Server] /usr/sbin/mysqld: ready for connections. Version: '8.1.0'  socket: '/var/run/mysqld/mysqld.sock'  port: 3306  MySQL Community Server - GPL.
2024-04-24T16:03:34.860355Z 5 [System] [MY-014002] [Repl] Replica receiver thread for channel '': connected to source 'repl_user@chat-project-master-1:3306' with server_uuid=3daa31a6-ff1d-11ee-8bf4-0242ac140002, server_id=1111. Starting GTID-based replication.
2024-04-30T13:00:13.064412Z 0 [System] [MY-015017] [Server] MySQL Server Initialization - start.
2024-04-30T13:00:13.066646Z 0 [Warning] [MY-011068] [Server] The syntax '--skip-host-cache' is deprecated and will be removed in a future release. Please use SET GLOBAL host_cache_size=0 instead.
2024-04-30T13:00:13.066685Z 0 [Warning] [MY-011068] [Server] The syntax 'log_slave_updates' is deprecated and will be removed in a future release. Please use log_replica_updates instead.
2024-04-30T13:00:13.066768Z 0 [System] [MY-013169] [Server] /usr/sbin/mysqld (mysqld 8.1.0) initializing of server in progress as process 80
2024-04-30T13:00:13.281073Z 0 [Warning] [MY-010161] [Server] You need to use --log-bin to make --log-replica-updates work.
2024-04-30T13:00:13.472331Z 1 [System] [MY-013576] [InnoDB] InnoDB initialization has started.
2024-04-30T13:00:19.341698Z 1 [System] [MY-013577] [InnoDB] InnoDB initialization has ended.
2024-04-30T13:00:27.840284Z 6 [Warning] [MY-010453] [Server] root@localhost is created with an empty password ! Please consider switching off the --initialize-insecure option.
2024-04-30T13:00:41.149581Z 0 [System] [MY-015018] [Server] MySQL Server Initialization - end.
2024-04-30T13:00:41.318187Z 0 [System] [MY-015015] [Server] MySQL Server - start.
2024-04-30T13:00:41.601523Z 0 [Warning] [MY-011068] [Server] The syntax '--skip-host-cache' is deprecated and will be removed in a future release. Please use SET GLOBAL host_cache_size=0 instead.
2024-04-30T13:00:41.601569Z 0 [Warning] [MY-011068] [Server] The syntax 'log_slave_updates' is deprecated and will be removed in a future release. Please use log_replica_updates instead.
2024-04-30T13:00:41.603780Z 0 [System] [MY-010116] [Server] /usr/sbin/mysqld (mysqld 8.1.0) starting as process 124
2024-04-30T13:00:41.666450Z 1 [System] [MY-013576] [InnoDB] InnoDB initialization has started.
2024-04-30T13:00:42.167890Z 1 [System] [MY-013577] [InnoDB] InnoDB initialization has ended.
2024-04-30T13:00:42.904360Z 0 [Warning] [MY-010068] [Server] CA certificate ca.pem is self signed.
2024-04-30T13:00:42.904849Z 0 [System] [MY-013602] [Server] Channel mysql_main configured to support TLS. Encrypted connections are now supported for this channel.
2024-04-30T13:00:42.918389Z 0 [Warning] [MY-011810] [Server] Insecure configuration for --pid-file: Location '/var/run/mysqld' in the path is accessible to all OS users. Consider choosing a different directory.
2024-04-30T13:00:42.992563Z 0 [System] [MY-011323] [Server] X Plugin ready for connections. Socket: /var/run/mysqld/mysqlx.sock
2024-04-30T13:00:42.992817Z 0 [System] [MY-010931] [Server] /usr/sbin/mysqld: ready for connections. Version: '8.1.0'  socket: '/var/run/mysqld/mysqld.sock'  port: 0  MySQL Community Server - GPL.
2024-04-30T13:00:49.958983Z 11 [System] [MY-013172] [Server] Received SHUTDOWN from user root. Shutting down mysqld (Version: 8.1.0).
2024-04-30T13:00:52.583886Z 0 [System] [MY-010910] [Server] /usr/sbin/mysqld: Shutdown complete (mysqld 8.1.0)  MySQL Community Server - GPL.
2024-04-30T13:00:52.586471Z 0 [System] [MY-015016] [Server] MySQL Server - end.
2024-04-30T13:00:52.974121Z 0 [System] [MY-015015] [Server] MySQL Server - start.
2024-04-30T13:00:53.142930Z 0 [Warning] [MY-011068] [Server] The syntax '--skip-host-cache' is deprecated and will be removed in a future release. Please use SET GLOBAL host_cache_size=0 instead.
2024-04-30T13:00:53.142959Z 0 [Warning] [MY-011068] [Server] The syntax 'log_slave_updates' is deprecated and will be removed in a future release. Please use log_replica_updates instead.
2024-04-30T13:00:53.143930Z 0 [System] [MY-010116] [Server] /usr/sbin/mysqld (mysqld 8.1.0) starting as process 1
2024-04-30T13:00:53.160868Z 1 [System] [MY-013576] [InnoDB] InnoDB initialization has started.
2024-04-30T13:00:53.259882Z 1 [System] [MY-013577] [InnoDB] InnoDB initialization has ended.
2024-04-30T13:00:53.456782Z 0 [Warning] [MY-010068] [Server] CA certificate ca.pem is self signed.
2024-04-30T13:00:53.456997Z 0 [System] [MY-013602] [Server] Channel mysql_main configured to support TLS. Encrypted connections are now supported for this channel.
2024-04-30T13:00:53.459601Z 0 [Warning] [MY-011810] [Server] Insecure configuration for --pid-file: Location '/var/run/mysqld' in the path is accessible to all OS users. Consider choosing a different directory.
2024-04-30T13:00:53.477679Z 0 [System] [MY-011323] [Server] X Plugin ready for connections. Bind-address: '::' port: 33060, socket: /var/run/mysqld/mysqlx.sock
2024-04-30T13:00:53.477816Z 0 [System] [MY-010931] [Server] /usr/sbin/mysqld: ready for connections. Version: '8.1.0'  socket: '/var/run/mysqld/mysqld.sock'  port: 3306  MySQL Community Server - GPL.
2024-04-30T13:01:16.628504Z 0 [System] [MY-013172] [Server] Received SHUTDOWN from user <via user signal>. Shutting down mysqld (Version: 8.1.0).
2024-04-30T13:01:17.860999Z 0 [System] [MY-010910] [Server] /usr/sbin/mysqld: Shutdown complete (mysqld 8.1.0)  MySQL Community Server - GPL.
2024-04-30T13:01:17.862006Z 0 [System] [MY-015016] [Server] MySQL Server - end.
