/usr/sbin/mysqld, Version: 8.1.0 (MySQL Community Server - GPL). started with:
Tcp port: 3306  Unix socket: /var/run/mysqld/mysqld.sock
Time                 Id Command    Argument
2024-04-21T10:38:44.056889Z	   35 Connect	root@172.20.0.1 on chat using SSL/TLS
2024-04-21T10:38:44.058765Z	   35 Query	/* mysql-connector-j-8.3.0 (Revision: 805f872a57875f311cb82487efcfb070411a3fa0) */SELECT  @@session.auto_increment_increment AS auto_increment_increment, @@character_set_client AS character_set_client, @@character_set_connection AS character_set_connection, @@character_set_results AS character_set_results, @@character_set_server AS character_set_server, @@collation_server AS collation_server, @@collation_connection AS collation_connection, @@init_connect AS init_connect, @@interactive_timeout AS interactive_timeout, @@license AS license, @@lower_case_table_names AS lower_case_table_names, @@max_allowed_packet AS max_allowed_packet, @@net_write_timeout AS net_write_timeout, @@performance_schema AS performance_schema, @@sql_mode AS sql_mode, @@system_time_zone AS system_time_zone, @@time_zone AS time_zone, @@transaction_isolation AS transaction_isolation, @@wait_timeout AS wait_timeout
2024-04-21T10:38:44.061253Z	   35 Query	SET character_set_results = NULL
2024-04-21T10:38:44.062789Z	   35 Query	SET autocommit=1
2024-04-21T10:38:44.064721Z	   35 Query	SELECT @@session.transaction_read_only
2024-04-21T10:38:44.067361Z	   35 Query	SELECT @@session.transaction_isolation
2024-04-21T10:38:44.069836Z	   35 Query	SET autocommit=0
2024-04-21T10:38:44.072070Z	   35 Query	select u1_0.user_id,u1_0.created_at,u1_0.email,u1_0.nickname,u1_0.password from users u1_0 where u1_0.user_id=1
2024-04-21T10:38:44.075202Z	   35 Query	commit
2024-04-21T10:38:44.076848Z	   35 Query	SET autocommit=1
2024-04-21T10:38:44.261264Z	   36 Connect	root@172.20.0.1 on chat using SSL/TLS
2024-04-21T10:38:44.264800Z	   36 Query	/* mysql-connector-j-8.3.0 (Revision: 805f872a57875f311cb82487efcfb070411a3fa0) */SELECT  @@session.auto_increment_increment AS auto_increment_increment, @@character_set_client AS character_set_client, @@character_set_connection AS character_set_connection, @@character_set_results AS character_set_results, @@character_set_server AS character_set_server, @@collation_server AS collation_server, @@collation_connection AS collation_connection, @@init_connect AS init_connect, @@interactive_timeout AS interactive_timeout, @@license AS license, @@lower_case_table_names AS lower_case_table_names, @@max_allowed_packet AS max_allowed_packet, @@net_write_timeout AS net_write_timeout, @@performance_schema AS performance_schema, @@sql_mode AS sql_mode, @@system_time_zone AS system_time_zone, @@time_zone AS time_zone, @@transaction_isolation AS transaction_isolation, @@wait_timeout AS wait_timeout
2024-04-21T10:38:44.267639Z	   36 Query	SET character_set_results = NULL
2024-04-21T10:38:44.279210Z	   36 Query	SET autocommit=1
2024-04-21T10:38:44.281999Z	   36 Query	SELECT @@session.transaction_read_only
2024-04-21T10:38:44.327403Z	   37 Connect	root@172.20.0.1 on chat using SSL/TLS
2024-04-21T10:38:44.339584Z	   37 Query	/* mysql-connector-j-8.3.0 (Revision: 805f872a57875f311cb82487efcfb070411a3fa0) */SELECT  @@session.auto_increment_increment AS auto_increment_increment, @@character_set_client AS character_set_client, @@character_set_connection AS character_set_connection, @@character_set_results AS character_set_results, @@character_set_server AS character_set_server, @@collation_server AS collation_server, @@collation_connection AS collation_connection, @@init_connect AS init_connect, @@interactive_timeout AS interactive_timeout, @@license AS license, @@lower_case_table_names AS lower_case_table_names, @@max_allowed_packet AS max_allowed_packet, @@net_write_timeout AS net_write_timeout, @@performance_schema AS performance_schema, @@sql_mode AS sql_mode, @@system_time_zone AS system_time_zone, @@time_zone AS time_zone, @@transaction_isolation AS transaction_isolation, @@wait_timeout AS wait_timeout
2024-04-21T10:38:44.370812Z	   37 Query	SET character_set_results = NULL
2024-04-21T10:38:44.390213Z	   37 Query	SET autocommit=1
2024-04-21T10:38:44.403652Z	   37 Query	SELECT @@session.transaction_read_only
2024-04-21T10:38:44.447114Z	   38 Connect	root@172.20.0.1 on chat using SSL/TLS
2024-04-21T10:38:44.449904Z	   38 Query	/* mysql-connector-j-8.3.0 (Revision: 805f872a57875f311cb82487efcfb070411a3fa0) */SELECT  @@session.auto_increment_increment AS auto_increment_increment, @@character_set_client AS character_set_client, @@character_set_connection AS character_set_connection, @@character_set_results AS character_set_results, @@character_set_server AS character_set_server, @@collation_server AS collation_server, @@collation_connection AS collation_connection, @@init_connect AS init_connect, @@interactive_timeout AS interactive_timeout, @@license AS license, @@lower_case_table_names AS lower_case_table_names, @@max_allowed_packet AS max_allowed_packet, @@net_write_timeout AS net_write_timeout, @@performance_schema AS performance_schema, @@sql_mode AS sql_mode, @@system_time_zone AS system_time_zone, @@time_zone AS time_zone, @@transaction_isolation AS transaction_isolation, @@wait_timeout AS wait_timeout
2024-04-21T10:38:44.452055Z	   38 Query	SET character_set_results = NULL
2024-04-21T10:38:44.454593Z	   38 Query	SET autocommit=1
2024-04-21T10:38:44.456629Z	   38 Query	SELECT @@session.transaction_read_only
2024-04-21T10:38:44.485823Z	   39 Connect	root@172.20.0.1 on chat using SSL/TLS
2024-04-21T10:38:44.488429Z	   39 Query	/* mysql-connector-j-8.3.0 (Revision: 805f872a57875f311cb82487efcfb070411a3fa0) */SELECT  @@session.auto_increment_increment AS auto_increment_increment, @@character_set_client AS character_set_client, @@character_set_connection AS character_set_connection, @@character_set_results AS character_set_results, @@character_set_server AS character_set_server, @@collation_server AS collation_server, @@collation_connection AS collation_connection, @@init_connect AS init_connect, @@interactive_timeout AS interactive_timeout, @@license AS license, @@lower_case_table_names AS lower_case_table_names, @@max_allowed_packet AS max_allowed_packet, @@net_write_timeout AS net_write_timeout, @@performance_schema AS performance_schema, @@sql_mode AS sql_mode, @@system_time_zone AS system_time_zone, @@time_zone AS time_zone, @@transaction_isolation AS transaction_isolation, @@wait_timeout AS wait_timeout
2024-04-21T10:38:44.490839Z	   39 Query	SET character_set_results = NULL
2024-04-21T10:38:44.492687Z	   39 Query	SET autocommit=1
2024-04-21T10:38:44.494821Z	   39 Query	SELECT @@session.transaction_read_only
2024-04-21T10:38:44.531458Z	   40 Connect	root@172.20.0.1 on chat using SSL/TLS
2024-04-21T10:38:44.534698Z	   40 Query	/* mysql-connector-j-8.3.0 (Revision: 805f872a57875f311cb82487efcfb070411a3fa0) */SELECT  @@session.auto_increment_increment AS auto_increment_increment, @@character_set_client AS character_set_client, @@character_set_connection AS character_set_connection, @@character_set_results AS character_set_results, @@character_set_server AS character_set_server, @@collation_server AS collation_server, @@collation_connection AS collation_connection, @@init_connect AS init_connect, @@interactive_timeout AS interactive_timeout, @@license AS license, @@lower_case_table_names AS lower_case_table_names, @@max_allowed_packet AS max_allowed_packet, @@net_write_timeout AS net_write_timeout, @@performance_schema AS performance_schema, @@sql_mode AS sql_mode, @@system_time_zone AS system_time_zone, @@time_zone AS time_zone, @@transaction_isolation AS transaction_isolation, @@wait_timeout AS wait_timeout
2024-04-21T10:38:44.538621Z	   40 Query	SET character_set_results = NULL
2024-04-21T10:38:44.540476Z	   40 Query	SET autocommit=1
2024-04-21T10:38:44.542486Z	   40 Query	SELECT @@session.transaction_read_only
2024-04-21T10:38:44.575562Z	   41 Connect	root@172.20.0.1 on chat using SSL/TLS
2024-04-21T10:38:44.576999Z	   41 Query	/* mysql-connector-j-8.3.0 (Revision: 805f872a57875f311cb82487efcfb070411a3fa0) */SELECT  @@session.auto_increment_increment AS auto_increment_increment, @@character_set_client AS character_set_client, @@character_set_connection AS character_set_connection, @@character_set_results AS character_set_results, @@character_set_server AS character_set_server, @@collation_server AS collation_server, @@collation_connection AS collation_connection, @@init_connect AS init_connect, @@interactive_timeout AS interactive_timeout, @@license AS license, @@lower_case_table_names AS lower_case_table_names, @@max_allowed_packet AS max_allowed_packet, @@net_write_timeout AS net_write_timeout, @@performance_schema AS performance_schema, @@sql_mode AS sql_mode, @@system_time_zone AS system_time_zone, @@time_zone AS time_zone, @@transaction_isolation AS transaction_isolation, @@wait_timeout AS wait_timeout
2024-04-21T10:38:44.579028Z	   41 Query	SET character_set_results = NULL
2024-04-21T10:38:44.580506Z	   41 Query	SET autocommit=1
2024-04-21T10:38:44.581798Z	   41 Query	SELECT @@session.transaction_read_only
2024-04-21T10:38:44.605053Z	   42 Connect	root@172.20.0.1 on chat using SSL/TLS
2024-04-21T10:38:44.606703Z	   42 Query	/* mysql-connector-j-8.3.0 (Revision: 805f872a57875f311cb82487efcfb070411a3fa0) */SELECT  @@session.auto_increment_increment AS auto_increment_increment, @@character_set_client AS character_set_client, @@character_set_connection AS character_set_connection, @@character_set_results AS character_set_results, @@character_set_server AS character_set_server, @@collation_server AS collation_server, @@collation_connection AS collation_connection, @@init_connect AS init_connect, @@interactive_timeout AS interactive_timeout, @@license AS license, @@lower_case_table_names AS lower_case_table_names, @@max_allowed_packet AS max_allowed_packet, @@net_write_timeout AS net_write_timeout, @@performance_schema AS performance_schema, @@sql_mode AS sql_mode, @@system_time_zone AS system_time_zone, @@time_zone AS time_zone, @@transaction_isolation AS transaction_isolation, @@wait_timeout AS wait_timeout
2024-04-21T10:38:44.608354Z	   42 Query	SET character_set_results = NULL
2024-04-21T10:38:44.609964Z	   42 Query	SET autocommit=1
2024-04-21T10:38:44.611368Z	   42 Query	SELECT @@session.transaction_read_only
2024-04-21T10:38:44.633844Z	   43 Connect	root@172.20.0.1 on chat using SSL/TLS
2024-04-21T10:38:44.635431Z	   43 Query	/* mysql-connector-j-8.3.0 (Revision: 805f872a57875f311cb82487efcfb070411a3fa0) */SELECT  @@session.auto_increment_increment AS auto_increment_increment, @@character_set_client AS character_set_client, @@character_set_connection AS character_set_connection, @@character_set_results AS character_set_results, @@character_set_server AS character_set_server, @@collation_server AS collation_server, @@collation_connection AS collation_connection, @@init_connect AS init_connect, @@interactive_timeout AS interactive_timeout, @@license AS license, @@lower_case_table_names AS lower_case_table_names, @@max_allowed_packet AS max_allowed_packet, @@net_write_timeout AS net_write_timeout, @@performance_schema AS performance_schema, @@sql_mode AS sql_mode, @@system_time_zone AS system_time_zone, @@time_zone AS time_zone, @@transaction_isolation AS transaction_isolation, @@wait_timeout AS wait_timeout
2024-04-21T10:38:44.637111Z	   43 Query	SET character_set_results = NULL
2024-04-21T10:38:44.638750Z	   43 Query	SET autocommit=1
2024-04-21T10:38:44.640407Z	   43 Query	SELECT @@session.transaction_read_only
2024-04-21T10:38:44.664149Z	   44 Connect	root@172.20.0.1 on chat using SSL/TLS
2024-04-21T10:38:44.665521Z	   44 Query	/* mysql-connector-j-8.3.0 (Revision: 805f872a57875f311cb82487efcfb070411a3fa0) */SELECT  @@session.auto_increment_increment AS auto_increment_increment, @@character_set_client AS character_set_client, @@character_set_connection AS character_set_connection, @@character_set_results AS character_set_results, @@character_set_server AS character_set_server, @@collation_server AS collation_server, @@collation_connection AS collation_connection, @@init_connect AS init_connect, @@interactive_timeout AS interactive_timeout, @@license AS license, @@lower_case_table_names AS lower_case_table_names, @@max_allowed_packet AS max_allowed_packet, @@net_write_timeout AS net_write_timeout, @@performance_schema AS performance_schema, @@sql_mode AS sql_mode, @@system_time_zone AS system_time_zone, @@time_zone AS time_zone, @@transaction_isolation AS transaction_isolation, @@wait_timeout AS wait_timeout
2024-04-21T10:38:44.666971Z	   44 Query	SET character_set_results = NULL
2024-04-21T10:38:44.668437Z	   44 Query	SET autocommit=1
2024-04-21T10:38:44.670153Z	   44 Query	SELECT @@session.transaction_read_only
2024-04-21T10:41:03.333797Z	    7 Query	CREATE TABLE IF NOT EXISTS users ( user_id BIGINT AUTO_INCREMENT PRIMARY KEY, email VARCHAR(50) NOT NULL UNIQUE, password VARCHAR(100) NOT NULL, nickname CHAR(10) NOT NULL UNIQUE, created_at TIMESTAMP DEFAULT NOW(), INDEX email_idx (email) )
2024-04-21T10:41:03.340210Z	    7 Query	CREATE TABLE IF NOT EXISTS user_role ( id BIGINT AUTO_INCREMENT PRIMARY KEY, user_id BIGINT NOT NULL, role ENUM('ROLE_ADMIN', 'ROLE_USER'), INDEX user_role_idx (user_id), FOREIGN KEY (user_id) REFERENCES users(user_id) ON DELETE CASCADE )
2024-04-21T10:41:03.343965Z	    7 Query	CREATE TABLE IF NOT EXISTS channels ( channel_id BIGINT PRIMARY KEY, created_at TIMESTAMP DEFAULT NOW(), master_id BIGINT NOT NULL, title VARCHAR(30) NOT NULL, total_count INT DEFAULT 0 )
2024-04-21T10:41:03.349711Z	    7 Query	CREATE TABLE IF NOT EXISTS entries ( channel_id BIGINT, user_id BIGINT, joined_at TIMESTAMP DEFAULT NOW(), PRIMARY KEY (channel_id, user_id), INDEX user_id_idx (user_id), FOREIGN KEY (channel_id) REFERENCES channels(channel_id) ON DELETE CASCADE, FOREIGN KEY (user_id) REFERENCES users(user_id) ON DELETE CASCADE )
2024-04-21T10:43:55.669358Z	    7 Query	CREATE TABLE IF NOT EXISTS users ( user_id BIGINT AUTO_INCREMENT PRIMARY KEY, email VARCHAR(50) NOT NULL UNIQUE, password VARCHAR(100) NOT NULL, nickname CHAR(10) NOT NULL UNIQUE, created_at TIMESTAMP DEFAULT NOW(), INDEX email_idx (email) )
2024-04-21T10:43:55.677204Z	    7 Query	CREATE TABLE IF NOT EXISTS user_role ( id BIGINT AUTO_INCREMENT PRIMARY KEY, user_id BIGINT NOT NULL, role ENUM('ROLE_ADMIN', 'ROLE_USER'), INDEX user_role_idx (user_id), FOREIGN KEY (user_id) REFERENCES users(user_id) ON DELETE CASCADE )
2024-04-21T10:43:55.682684Z	    7 Query	CREATE TABLE IF NOT EXISTS channels ( channel_id BIGINT PRIMARY KEY, created_at TIMESTAMP DEFAULT NOW(), master_id BIGINT NOT NULL, title VARCHAR(30) NOT NULL, total_count INT DEFAULT 0 )
2024-04-21T10:43:55.688365Z	    7 Query	CREATE TABLE IF NOT EXISTS entries ( channel_id BIGINT, user_id BIGINT, joined_at TIMESTAMP DEFAULT NOW(), PRIMARY KEY (channel_id, user_id), INDEX user_id_idx (user_id), FOREIGN KEY (channel_id) REFERENCES channels(channel_id) ON DELETE CASCADE, FOREIGN KEY (user_id) REFERENCES users(user_id) ON DELETE CASCADE )
2024-04-21T10:46:23.897498Z	    7 Query	CREATE TABLE IF NOT EXISTS users ( user_id BIGINT AUTO_INCREMENT PRIMARY KEY, email VARCHAR(50) NOT NULL UNIQUE, password VARCHAR(100) NOT NULL, nickname CHAR(10) NOT NULL UNIQUE, created_at TIMESTAMP DEFAULT NOW(), INDEX email_idx (email) )
2024-04-21T10:46:26.360275Z	    7 Query	CREATE TABLE IF NOT EXISTS user_role ( id BIGINT AUTO_INCREMENT PRIMARY KEY, user_id BIGINT NOT NULL, role ENUM('ROLE_ADMIN', 'ROLE_USER'), INDEX user_role_idx (user_id), FOREIGN KEY (user_id) REFERENCES users(user_id) ON DELETE CASCADE )
2024-04-21T10:46:26.367370Z	    7 Query	CREATE TABLE IF NOT EXISTS channels ( channel_id BIGINT PRIMARY KEY, created_at TIMESTAMP DEFAULT NOW(), master_id BIGINT NOT NULL, title VARCHAR(30) NOT NULL, total_count INT DEFAULT 0 )
2024-04-21T10:46:26.374901Z	    7 Query	CREATE TABLE IF NOT EXISTS entries ( channel_id BIGINT, user_id BIGINT, joined_at TIMESTAMP DEFAULT NOW(), PRIMARY KEY (channel_id, user_id), INDEX user_id_idx (user_id), FOREIGN KEY (channel_id) REFERENCES channels(channel_id) ON DELETE CASCADE, FOREIGN KEY (user_id) REFERENCES users(user_id) ON DELETE CASCADE )
2024-04-21T10:47:22.151472Z	   45 Connect	root@172.20.0.1 on chat using SSL/TLS
2024-04-21T10:47:22.153516Z	   45 Query	/* mysql-connector-j-8.3.0 (Revision: 805f872a57875f311cb82487efcfb070411a3fa0) */SELECT  @@session.auto_increment_increment AS auto_increment_increment, @@character_set_client AS character_set_client, @@character_set_connection AS character_set_connection, @@character_set_results AS character_set_results, @@character_set_server AS character_set_server, @@collation_server AS collation_server, @@collation_connection AS collation_connection, @@init_connect AS init_connect, @@interactive_timeout AS interactive_timeout, @@license AS license, @@lower_case_table_names AS lower_case_table_names, @@max_allowed_packet AS max_allowed_packet, @@net_write_timeout AS net_write_timeout, @@performance_schema AS performance_schema, @@sql_mode AS sql_mode, @@system_time_zone AS system_time_zone, @@time_zone AS time_zone, @@transaction_isolation AS transaction_isolation, @@wait_timeout AS wait_timeout
2024-04-21T10:47:22.156230Z	   45 Query	SET character_set_results = NULL
2024-04-21T10:47:22.158055Z	   45 Query	SET autocommit=1
2024-04-21T10:47:22.159908Z	   45 Query	SELECT @@session.transaction_read_only
2024-04-21T10:47:22.163047Z	   45 Query	SELECT @@session.transaction_isolation
2024-04-21T10:47:22.165738Z	   45 Query	SET autocommit=0
2024-04-21T10:47:22.168477Z	   45 Query	select u1_0.user_id,u1_0.created_at,u1_0.email,u1_0.nickname,u1_0.password from users u1_0 where u1_0.user_id=1
2024-04-21T10:47:22.172246Z	   45 Query	commit
2024-04-21T10:47:22.174242Z	   45 Query	SET autocommit=1
2024-04-21T10:47:22.291318Z	   46 Connect	root@172.20.0.1 on chat using SSL/TLS
2024-04-21T10:47:22.293626Z	   46 Query	/* mysql-connector-j-8.3.0 (Revision: 805f872a57875f311cb82487efcfb070411a3fa0) */SELECT  @@session.auto_increment_increment AS auto_increment_increment, @@character_set_client AS character_set_client, @@character_set_connection AS character_set_connection, @@character_set_results AS character_set_results, @@character_set_server AS character_set_server, @@collation_server AS collation_server, @@collation_connection AS collation_connection, @@init_connect AS init_connect, @@interactive_timeout AS interactive_timeout, @@license AS license, @@lower_case_table_names AS lower_case_table_names, @@max_allowed_packet AS max_allowed_packet, @@net_write_timeout AS net_write_timeout, @@performance_schema AS performance_schema, @@sql_mode AS sql_mode, @@system_time_zone AS system_time_zone, @@time_zone AS time_zone, @@transaction_isolation AS transaction_isolation, @@wait_timeout AS wait_timeout
2024-04-21T10:47:22.295893Z	   46 Query	SET character_set_results = NULL
2024-04-21T10:47:22.297931Z	   46 Query	SET autocommit=1
2024-04-21T10:47:22.300082Z	   46 Query	SELECT @@session.transaction_read_only
2024-04-21T10:47:22.340795Z	   47 Connect	root@172.20.0.1 on chat using SSL/TLS
2024-04-21T10:47:22.343116Z	   47 Query	/* mysql-connector-j-8.3.0 (Revision: 805f872a57875f311cb82487efcfb070411a3fa0) */SELECT  @@session.auto_increment_increment AS auto_increment_increment, @@character_set_client AS character_set_client, @@character_set_connection AS character_set_connection, @@character_set_results AS character_set_results, @@character_set_server AS character_set_server, @@collation_server AS collation_server, @@collation_connection AS collation_connection, @@init_connect AS init_connect, @@interactive_timeout AS interactive_timeout, @@license AS license, @@lower_case_table_names AS lower_case_table_names, @@max_allowed_packet AS max_allowed_packet, @@net_write_timeout AS net_write_timeout, @@performance_schema AS performance_schema, @@sql_mode AS sql_mode, @@system_time_zone AS system_time_zone, @@time_zone AS time_zone, @@transaction_isolation AS transaction_isolation, @@wait_timeout AS wait_timeout
2024-04-21T10:47:22.345519Z	   47 Query	SET character_set_results = NULL
2024-04-21T10:47:22.347507Z	   47 Query	SET autocommit=1
2024-04-21T10:47:22.350491Z	   47 Query	SELECT @@session.transaction_read_only
2024-04-21T10:47:22.379778Z	   48 Connect	root@172.20.0.1 on chat using SSL/TLS
2024-04-21T10:47:22.382778Z	   48 Query	/* mysql-connector-j-8.3.0 (Revision: 805f872a57875f311cb82487efcfb070411a3fa0) */SELECT  @@session.auto_increment_increment AS auto_increment_increment, @@character_set_client AS character_set_client, @@character_set_connection AS character_set_connection, @@character_set_results AS character_set_results, @@character_set_server AS character_set_server, @@collation_server AS collation_server, @@collation_connection AS collation_connection, @@init_connect AS init_connect, @@interactive_timeout AS interactive_timeout, @@license AS license, @@lower_case_table_names AS lower_case_table_names, @@max_allowed_packet AS max_allowed_packet, @@net_write_timeout AS net_write_timeout, @@performance_schema AS performance_schema, @@sql_mode AS sql_mode, @@system_time_zone AS system_time_zone, @@time_zone AS time_zone, @@transaction_isolation AS transaction_isolation, @@wait_timeout AS wait_timeout
2024-04-21T10:47:22.385331Z	   48 Query	SET character_set_results = NULL
2024-04-21T10:47:22.386934Z	   48 Query	SET autocommit=1
2024-04-21T10:47:22.389017Z	   48 Query	SELECT @@session.transaction_read_only
2024-04-21T10:47:22.424677Z	   49 Connect	root@172.20.0.1 on chat using SSL/TLS
2024-04-21T10:47:22.427204Z	   49 Query	/* mysql-connector-j-8.3.0 (Revision: 805f872a57875f311cb82487efcfb070411a3fa0) */SELECT  @@session.auto_increment_increment AS auto_increment_increment, @@character_set_client AS character_set_client, @@character_set_connection AS character_set_connection, @@character_set_results AS character_set_results, @@character_set_server AS character_set_server, @@collation_server AS collation_server, @@collation_connection AS collation_connection, @@init_connect AS init_connect, @@interactive_timeout AS interactive_timeout, @@license AS license, @@lower_case_table_names AS lower_case_table_names, @@max_allowed_packet AS max_allowed_packet, @@net_write_timeout AS net_write_timeout, @@performance_schema AS performance_schema, @@sql_mode AS sql_mode, @@system_time_zone AS system_time_zone, @@time_zone AS time_zone, @@transaction_isolation AS transaction_isolation, @@wait_timeout AS wait_timeout
2024-04-21T10:47:22.429211Z	   49 Query	SET character_set_results = NULL
2024-04-21T10:47:22.430721Z	   49 Query	SET autocommit=1
2024-04-21T10:47:22.432454Z	   49 Query	SELECT @@session.transaction_read_only
2024-04-21T10:47:22.470557Z	   50 Connect	root@172.20.0.1 on chat using SSL/TLS
2024-04-21T10:47:22.473047Z	   50 Query	/* mysql-connector-j-8.3.0 (Revision: 805f872a57875f311cb82487efcfb070411a3fa0) */SELECT  @@session.auto_increment_increment AS auto_increment_increment, @@character_set_client AS character_set_client, @@character_set_connection AS character_set_connection, @@character_set_results AS character_set_results, @@character_set_server AS character_set_server, @@collation_server AS collation_server, @@collation_connection AS collation_connection, @@init_connect AS init_connect, @@interactive_timeout AS interactive_timeout, @@license AS license, @@lower_case_table_names AS lower_case_table_names, @@max_allowed_packet AS max_allowed_packet, @@net_write_timeout AS net_write_timeout, @@performance_schema AS performance_schema, @@sql_mode AS sql_mode, @@system_time_zone AS system_time_zone, @@time_zone AS time_zone, @@transaction_isolation AS transaction_isolation, @@wait_timeout AS wait_timeout
2024-04-21T10:47:22.475997Z	   50 Query	SET character_set_results = NULL
2024-04-21T10:47:22.477634Z	   50 Query	SET autocommit=1
2024-04-21T10:47:22.479404Z	   50 Query	SELECT @@session.transaction_read_only
2024-04-21T10:47:22.510229Z	   51 Connect	root@172.20.0.1 on chat using SSL/TLS
2024-04-21T10:47:22.511570Z	   51 Query	/* mysql-connector-j-8.3.0 (Revision: 805f872a57875f311cb82487efcfb070411a3fa0) */SELECT  @@session.auto_increment_increment AS auto_increment_increment, @@character_set_client AS character_set_client, @@character_set_connection AS character_set_connection, @@character_set_results AS character_set_results, @@character_set_server AS character_set_server, @@collation_server AS collation_server, @@collation_connection AS collation_connection, @@init_connect AS init_connect, @@interactive_timeout AS interactive_timeout, @@license AS license, @@lower_case_table_names AS lower_case_table_names, @@max_allowed_packet AS max_allowed_packet, @@net_write_timeout AS net_write_timeout, @@performance_schema AS performance_schema, @@sql_mode AS sql_mode, @@system_time_zone AS system_time_zone, @@time_zone AS time_zone, @@transaction_isolation AS transaction_isolation, @@wait_timeout AS wait_timeout
2024-04-21T10:47:22.513163Z	   51 Query	SET character_set_results = NULL
2024-04-21T10:47:22.514634Z	   51 Query	SET autocommit=1
2024-04-21T10:47:22.516028Z	   51 Query	SELECT @@session.transaction_read_only
2024-04-21T10:47:22.539728Z	   52 Connect	root@172.20.0.1 on chat using SSL/TLS
2024-04-21T10:47:22.541553Z	   52 Query	/* mysql-connector-j-8.3.0 (Revision: 805f872a57875f311cb82487efcfb070411a3fa0) */SELECT  @@session.auto_increment_increment AS auto_increment_increment, @@character_set_client AS character_set_client, @@character_set_connection AS character_set_connection, @@character_set_results AS character_set_results, @@character_set_server AS character_set_server, @@collation_server AS collation_server, @@collation_connection AS collation_connection, @@init_connect AS init_connect, @@interactive_timeout AS interactive_timeout, @@license AS license, @@lower_case_table_names AS lower_case_table_names, @@max_allowed_packet AS max_allowed_packet, @@net_write_timeout AS net_write_timeout, @@performance_schema AS performance_schema, @@sql_mode AS sql_mode, @@system_time_zone AS system_time_zone, @@time_zone AS time_zone, @@transaction_isolation AS transaction_isolation, @@wait_timeout AS wait_timeout
2024-04-21T10:47:22.543256Z	   52 Query	SET character_set_results = NULL
2024-04-21T10:47:22.545228Z	   52 Query	SET autocommit=1
2024-04-21T10:47:22.546730Z	   52 Query	SELECT @@session.transaction_read_only
2024-04-21T10:47:22.569149Z	   53 Connect	root@172.20.0.1 on chat using SSL/TLS
2024-04-21T10:47:22.570822Z	   53 Query	/* mysql-connector-j-8.3.0 (Revision: 805f872a57875f311cb82487efcfb070411a3fa0) */SELECT  @@session.auto_increment_increment AS auto_increment_increment, @@character_set_client AS character_set_client, @@character_set_connection AS character_set_connection, @@character_set_results AS character_set_results, @@character_set_server AS character_set_server, @@collation_server AS collation_server, @@collation_connection AS collation_connection, @@init_connect AS init_connect, @@interactive_timeout AS interactive_timeout, @@license AS license, @@lower_case_table_names AS lower_case_table_names, @@max_allowed_packet AS max_allowed_packet, @@net_write_timeout AS net_write_timeout, @@performance_schema AS performance_schema, @@sql_mode AS sql_mode, @@system_time_zone AS system_time_zone, @@time_zone AS time_zone, @@transaction_isolation AS transaction_isolation, @@wait_timeout AS wait_timeout
2024-04-21T10:47:22.572572Z	   53 Query	SET character_set_results = NULL
2024-04-21T10:47:22.574514Z	   53 Query	SET autocommit=1
2024-04-21T10:47:22.576181Z	   53 Query	SELECT @@session.transaction_read_only
2024-04-21T10:47:22.599377Z	   54 Connect	root@172.20.0.1 on chat using SSL/TLS
2024-04-21T10:47:22.600916Z	   54 Query	/* mysql-connector-j-8.3.0 (Revision: 805f872a57875f311cb82487efcfb070411a3fa0) */SELECT  @@session.auto_increment_increment AS auto_increment_increment, @@character_set_client AS character_set_client, @@character_set_connection AS character_set_connection, @@character_set_results AS character_set_results, @@character_set_server AS character_set_server, @@collation_server AS collation_server, @@collation_connection AS collation_connection, @@init_connect AS init_connect, @@interactive_timeout AS interactive_timeout, @@license AS license, @@lower_case_table_names AS lower_case_table_names, @@max_allowed_packet AS max_allowed_packet, @@net_write_timeout AS net_write_timeout, @@performance_schema AS performance_schema, @@sql_mode AS sql_mode, @@system_time_zone AS system_time_zone, @@time_zone AS time_zone, @@transaction_isolation AS transaction_isolation, @@wait_timeout AS wait_timeout
2024-04-21T10:47:22.602381Z	   54 Query	SET character_set_results = NULL
2024-04-21T10:47:22.603541Z	   54 Query	SET autocommit=1
2024-04-21T10:47:22.604985Z	   54 Query	SELECT @@session.transaction_read_only
2024-04-21T10:48:07.909631Z	   45 Query	SET autocommit=0
2024-04-21T10:48:07.911536Z	   45 Query	select u1_0.user_id,u1_0.created_at,u1_0.email,u1_0.nickname,u1_0.password from users u1_0 where u1_0.user_id=1
2024-04-21T10:48:07.913916Z	   45 Query	commit
2024-04-21T10:48:07.915240Z	   45 Query	SET autocommit=1
2024-04-21T10:48:13.757737Z	   45 Query	SET autocommit=0
2024-04-21T10:48:13.759712Z	   45 Query	select u1_0.user_id,u1_0.created_at,u1_0.email,u1_0.nickname,u1_0.password from users u1_0 where u1_0.user_id=1
2024-04-21T10:48:13.762037Z	   45 Query	commit
2024-04-21T10:48:13.763454Z	   45 Query	SET autocommit=1
2024-04-21T10:49:05.258226Z	   45 Quit	
2024-04-21T10:49:05.261192Z	   46 Quit	
2024-04-21T10:49:05.263255Z	   47 Quit	
2024-04-21T10:49:05.265485Z	   48 Quit	
2024-04-21T10:49:05.267442Z	   49 Quit	
2024-04-21T10:49:05.269555Z	   50 Quit	
2024-04-21T10:49:05.271606Z	   51 Quit	
2024-04-21T10:49:05.273678Z	   52 Quit	
2024-04-21T10:49:05.275635Z	   53 Quit	
2024-04-21T10:49:05.277552Z	   54 Quit	
2024-04-21T10:49:20.128893Z	   34 Quit	
